13.1.2023, 14:43:41 - INFO - Server is running on port: 3030 
13.1.2023, 14:43:52 - ERROR - while finding toy fdsz | BSONTypeError: Argument passed in must be a string of 12 bytes or a string of 24 hex characters or an integer 
13.1.2023, 14:43:52 - ERROR - Failed to get toy | BSONTypeError: Argument passed in must be a string of 12 bytes or a string of 24 hex characters or an integer 
13.1.2023, 14:44:43 - ERROR - while finding toy ObjectId("63c03f4d46b72977f17e239c") | BSONTypeError: Argument passed in must be a string of 12 bytes or a string of 24 hex characters or an integer 
13.1.2023, 14:44:43 - ERROR - Failed to get toy | BSONTypeError: Argument passed in must be a string of 12 bytes or a string of 24 hex characters or an integer 
13.1.2023, 14:45:05 - ERROR - while finding toy ("63c03f4d46b72977f17e239c") | BSONTypeError: Argument passed in must be a string of 12 bytes or a string of 24 hex characters or an integer 
13.1.2023, 14:45:05 - ERROR - Failed to get toy | BSONTypeError: Argument passed in must be a string of 12 bytes or a string of 24 hex characters or an integer 
13.1.2023, 14:49:13 - INFO - Req was made 
13.1.2023, 14:49:13 - DEBUG - Getting Toys 
13.1.2023, 14:49:14 - INFO - Req was made 
13.1.2023, 14:49:14 - DEBUG - Getting Toys 
13.1.2023, 14:49:22 - INFO - Req was made 
13.1.2023, 14:49:22 - DEBUG - Getting Toys 
13.1.2023, 14:49:25 - INFO - Req was made 
13.1.2023, 14:49:25 - DEBUG - Getting Toys 
13.1.2023, 14:49:25 - INFO - Req was made 
13.1.2023, 14:49:25 - DEBUG - Getting Toys 
13.1.2023, 14:50:27 - INFO - Req was made 
13.1.2023, 14:50:27 - DEBUG - Getting Toys 
13.1.2023, 14:50:27 - INFO - Req was made 
13.1.2023, 14:50:27 - DEBUG - Getting Toys 
13.1.2023, 14:50:49 - INFO - Req was made 
13.1.2023, 14:50:49 - DEBUG - Getting Toys 
13.1.2023, 14:50:50 - DEBUG - Getting Toys 
13.1.2023, 14:50:50 - INFO - Req was made 
13.1.2023, 14:54:09 - DEBUG - Getting Toys 
13.1.2023, 14:54:09 - INFO - Req was made 
13.1.2023, 14:54:09 - INFO - Req was made 
13.1.2023, 14:54:09 - DEBUG - Getting Toys 
13.1.2023, 14:56:29 - INFO - Req was made 
13.1.2023, 14:56:29 - DEBUG - Getting Toys 
13.1.2023, 14:56:29 - DEBUG - Getting Toys 
13.1.2023, 14:56:29 - INFO - Req was made 
13.1.2023, 15:22:33 - DEBUG - auth.service - login with username: puki 
13.1.2023, 15:22:34 - ERROR - Failed to Login Invalid username or password 
13.1.2023, 15:22:59 - DEBUG - auth.service - login with username: puki 
13.1.2023, 15:22:59 - ERROR - Failed to Login Invalid username or password 
13.1.2023, 15:23:12 - DEBUG - auth.service - login with username: muki 
13.1.2023, 15:23:12 - ERROR - Failed to Login Invalid username or password 
13.1.2023, 15:23:41 - INFO - Req was made 
13.1.2023, 15:23:41 - DEBUG - Getting Toys 
13.1.2023, 15:23:41 - INFO - Req was made 
13.1.2023, 15:23:41 - DEBUG - Getting Toys 
13.1.2023, 15:23:42 - DEBUG - Getting Toys 
13.1.2023, 15:23:42 - INFO - Req was made 
13.1.2023, 15:23:47 - INFO - Req was made 
13.1.2023, 15:23:47 - DEBUG - Getting Toys 
13.1.2023, 15:23:47 - INFO - Req was made 
13.1.2023, 15:23:47 - DEBUG - Getting Toys 
13.1.2023, 15:24:08 - DEBUG - auth.service - signup with username: yael, fullname: Yael 
13.1.2023, 15:24:09 - DEBUG - auth.service - login with username: yael 
13.1.2023, 15:24:09 - DEBUG - auth.route - new account created: {"username":"yael","password":"$2b$10$nbSsZJpP.qTtC3mJSbqQrONQ2KbZRx1/2CpDKRvflB1i35z8sbbxK","fullname":"Yael","_id":"63c15b789dd350ee20a2d0b5"} 
13.1.2023, 15:24:09 - INFO - User login:  | {"_id":"63c15b789dd350ee20a2d0b5","username":"yael","fullname":"Yael"} 
13.1.2023, 15:24:22 - DEBUG - Getting Toys 
13.1.2023, 15:24:22 - INFO - Req was made 
13.1.2023, 15:24:22 - INFO - Req was made 
13.1.2023, 15:24:22 - DEBUG - Getting Toys 
13.1.2023, 15:26:01 - INFO - Req was made 
13.1.2023, 15:26:01 - DEBUG - Getting Toys 
13.1.2023, 15:26:01 - INFO - Req was made 
13.1.2023, 15:26:01 - DEBUG - Getting Toys 
13.1.2023, 15:26:21 - DEBUG - Getting Toys 
13.1.2023, 15:26:21 - INFO - Req was made 
13.1.2023, 15:26:21 - INFO - Req was made 
13.1.2023, 15:26:21 - DEBUG - Getting Toys 
13.1.2023, 15:27:30 - INFO - Req was made 
13.1.2023, 15:27:30 - DEBUG - Getting Toys 
13.1.2023, 15:27:41 - INFO - Req was made 
13.1.2023, 15:27:41 - DEBUG - Getting Toys 
13.1.2023, 15:27:49 - INFO - Req was made 
13.1.2023, 15:27:49 - DEBUG - Getting Toys 
13.1.2023, 15:27:49 - INFO - Req was made 
13.1.2023, 15:27:49 - DEBUG - Getting Toys 
13.1.2023, 15:34:03 - INFO - Req was made 
13.1.2023, 15:34:03 - DEBUG - Getting Toys 
13.1.2023, 15:36:21 - INFO - Req was made 
13.1.2023, 15:36:21 - DEBUG - Getting Toys 
13.1.2023, 15:36:22 - INFO - Req was made 
13.1.2023, 15:36:22 - DEBUG - Getting Toys 
13.1.2023, 15:42:26 - INFO - Req was made 
13.1.2023, 15:42:26 - DEBUG - Getting Toys 
13.1.2023, 15:42:29 - INFO - Req was made 
13.1.2023, 15:42:29 - DEBUG - Getting Toys 
13.1.2023, 15:42:29 - INFO - Req was made 
13.1.2023, 15:42:29 - DEBUG - Getting Toys 
13.1.2023, 15:43:50 - DEBUG - Getting Toys 
13.1.2023, 15:43:50 - INFO - Req was made 
13.1.2023, 15:43:50 - INFO - Req was made 
13.1.2023, 15:43:50 - DEBUG - Getting Toys 
13.1.2023, 15:44:25 - INFO - Req was made 
13.1.2023, 15:44:25 - DEBUG - Getting Toys 
13.1.2023, 15:44:26 - INFO - Req was made 
13.1.2023, 15:44:26 - DEBUG - Getting Toys 
13.1.2023, 15:44:27 - INFO - Req was made 
13.1.2023, 15:44:27 - DEBUG - Getting Toys 
13.1.2023, 15:44:33 - INFO - Req was made 
13.1.2023, 15:44:33 - DEBUG - Getting Toys 
13.1.2023, 15:44:33 - INFO - Req was made 
13.1.2023, 15:44:33 - DEBUG - Getting Toys 
13.1.2023, 15:47:11 - DEBUG - auth.service - login with username: yael 
13.1.2023, 15:47:12 - INFO - User login:  | {"_id":"63c15b789dd350ee20a2d0b5","username":"yael","fullname":"Yael"} 
13.1.2023, 15:47:19 - INFO - Req was made 
13.1.2023, 15:47:19 - DEBUG - Getting Toys 
13.1.2023, 15:47:19 - DEBUG - Getting Toys 
13.1.2023, 15:47:19 - INFO - Req was made 
13.1.2023, 15:47:20 - INFO - Req was made 
13.1.2023, 15:47:20 - DEBUG - Getting Toys 
13.1.2023, 15:48:24 - INFO - Req was made 
13.1.2023, 15:48:24 - DEBUG - Getting Toys 
13.1.2023, 15:48:30 - INFO - Req was made 
13.1.2023, 15:48:30 - DEBUG - Getting Toys 
13.1.2023, 15:48:30 - INFO - Req was made 
13.1.2023, 15:48:30 - DEBUG - Getting Toys 
13.1.2023, 15:49:13 - INFO - Req was made 
13.1.2023, 15:49:13 - DEBUG - Getting Toys 
13.1.2023, 15:49:15 - INFO - Req was made 
13.1.2023, 15:49:15 - DEBUG - Getting Toys 
13.1.2023, 15:49:16 - INFO - Req was made 
13.1.2023, 15:49:16 - DEBUG - Getting Toys 
13.1.2023, 15:53:22 - INFO - Req was made 
13.1.2023, 15:53:22 - DEBUG - Getting Toys 
13.1.2023, 15:53:22 - INFO - Req was made 
13.1.2023, 15:53:22 - DEBUG - Getting Toys 
13.1.2023, 15:53:51 - INFO - Req was made 
13.1.2023, 15:53:51 - DEBUG - Getting Toys 
13.1.2023, 15:53:55 - INFO - Req was made 
13.1.2023, 15:53:55 - DEBUG - Getting Toys 
13.1.2023, 15:53:55 - INFO - Req was made 
13.1.2023, 15:53:55 - DEBUG - Getting Toys 
13.1.2023, 15:58:38 - DEBUG - Getting Toys 
13.1.2023, 15:58:38 - INFO - Req was made 
13.1.2023, 15:58:38 - INFO - Req was made 
13.1.2023, 15:58:38 - DEBUG - Getting Toys 
13.1.2023, 15:58:46 - INFO - Req was made 
13.1.2023, 15:58:46 - DEBUG - Getting Toys 
13.1.2023, 15:58:49 - INFO - Req was made 
13.1.2023, 15:58:49 - DEBUG - Getting Toys 
13.1.2023, 15:58:50 - INFO - Req was made 
13.1.2023, 15:58:50 - DEBUG - Getting Toys 
13.1.2023, 15:58:56 - INFO - Req was made 
13.1.2023, 15:58:56 - DEBUG - Getting Toys 
13.1.2023, 15:59:44 - INFO - Req was made 
13.1.2023, 15:59:44 - DEBUG - Getting Toys 
13.1.2023, 15:59:44 - DEBUG - Getting Toys 
13.1.2023, 15:59:44 - INFO - Req was made 
13.1.2023, 15:59:45 - INFO - Req was made 
13.1.2023, 15:59:45 - DEBUG - Getting Toys 
13.1.2023, 15:59:46 - INFO - Req was made 
13.1.2023, 15:59:46 - DEBUG - Getting Toys 
13.1.2023, 15:59:47 - INFO - Req was made 
13.1.2023, 15:59:47 - DEBUG - Getting Toys 
13.1.2023, 16:16:45 - INFO - Req was made 
13.1.2023, 16:16:45 - DEBUG - Getting Toys 
13.1.2023, 16:16:45 - INFO - Req was made 
13.1.2023, 16:16:45 - DEBUG - Getting Toys 
13.1.2023, 16:18:20 - INFO - Req was made 
13.1.2023, 16:18:20 - DEBUG - Getting Toys 
13.1.2023, 16:18:32 - INFO - Req was made 
13.1.2023, 16:18:32 - DEBUG - Getting Toys 
13.1.2023, 16:18:33 - INFO - Req was made 
13.1.2023, 16:18:33 - DEBUG - Getting Toys 
13.1.2023, 16:19:00 - INFO - Req was made 
13.1.2023, 16:19:00 - DEBUG - Getting Toys 
13.1.2023, 16:19:00 - INFO - Req was made 
13.1.2023, 16:19:00 - DEBUG - Getting Toys 
13.1.2023, 16:19:02 - DEBUG - Getting Toys 
13.1.2023, 16:19:02 - INFO - Req was made 
13.1.2023, 16:19:12 - INFO - Req was made 
13.1.2023, 16:19:12 - DEBUG - Getting Toys 
13.1.2023, 16:19:16 - INFO - Req was made 
13.1.2023, 16:19:16 - DEBUG - Getting Toys 
13.1.2023, 16:20:39 - INFO - Req was made 
13.1.2023, 16:20:39 - DEBUG - Getting Toys 
13.1.2023, 16:20:46 - INFO - Req was made 
13.1.2023, 16:20:46 - DEBUG - Getting Toys 
13.1.2023, 16:20:46 - INFO - Req was made 
13.1.2023, 16:20:46 - DEBUG - Getting Toys 
13.1.2023, 16:20:54 - INFO - Req was made 
13.1.2023, 16:20:54 - DEBUG - Getting Toys 
13.1.2023, 16:20:55 - INFO - Req was made 
13.1.2023, 16:20:55 - DEBUG - Getting Toys 
13.1.2023, 16:21:21 - INFO - Req was made 
13.1.2023, 16:21:21 - DEBUG - Getting Toys 
13.1.2023, 16:21:24 - INFO - Req was made 
13.1.2023, 16:21:24 - DEBUG - Getting Toys 
13.1.2023, 16:21:24 - INFO - Req was made 
13.1.2023, 16:21:24 - DEBUG - Getting Toys 
13.1.2023, 16:25:23 - INFO - Req was made 
13.1.2023, 16:25:23 - DEBUG - Getting Toys 
13.1.2023, 16:26:05 - INFO - Req was made 
13.1.2023, 16:26:05 - DEBUG - Getting Toys 
13.1.2023, 16:29:06 - INFO - Req was made 
13.1.2023, 16:29:06 - DEBUG - Getting Toys 
13.1.2023, 16:29:07 - DEBUG - Getting Toys 
13.1.2023, 16:29:07 - INFO - Req was made 
13.1.2023, 16:31:11 - INFO - Req was made 
13.1.2023, 16:31:11 - DEBUG - Getting Toys 
13.1.2023, 16:31:55 - INFO - Req was made 
13.1.2023, 16:31:55 - DEBUG - Getting Toys 
13.1.2023, 16:31:55 - DEBUG - Getting Toys 
13.1.2023, 16:31:55 - INFO - Req was made 
13.1.2023, 16:33:49 - DEBUG - auth.service - login with username: yael 
13.1.2023, 16:33:49 - INFO - User login:  | {"_id":"63c15b789dd350ee20a2d0b5","username":"yael","fullname":"Yael"} 
13.1.2023, 16:33:55 - INFO - Req was made 
13.1.2023, 16:33:55 - DEBUG - Getting Toys 
13.1.2023, 16:33:56 - INFO - Req was made 
13.1.2023, 16:33:56 - DEBUG - Getting Toys 
13.1.2023, 16:36:10 - INFO - Req was made 
13.1.2023, 16:36:10 - DEBUG - Getting Toys 
13.1.2023, 16:36:11 - INFO - Req was made 
13.1.2023, 16:36:11 - DEBUG - Getting Toys 
13.1.2023, 16:37:01 - INFO - Req was made 
13.1.2023, 16:37:01 - DEBUG - Getting Toys 
13.1.2023, 16:37:01 - INFO - Req was made 
13.1.2023, 16:37:01 - DEBUG - Getting Toys 
13.1.2023, 16:45:25 - DEBUG - auth.service - login with username: muki 
13.1.2023, 16:45:25 - ERROR - Failed to Login Invalid username or password 
13.1.2023, 16:45:27 - INFO - Req was made 
13.1.2023, 16:45:27 - DEBUG - Getting Toys 
13.1.2023, 16:45:28 - INFO - Req was made 
13.1.2023, 16:45:28 - DEBUG - Getting Toys 
13.1.2023, 16:45:43 - INFO - Req was made 
13.1.2023, 16:45:43 - DEBUG - Getting Toys 
13.1.2023, 16:45:43 - INFO - Req was made 
13.1.2023, 16:45:43 - DEBUG - Getting Toys 
13.1.2023, 16:50:48 - INFO - Req was made 
13.1.2023, 16:50:48 - DEBUG - Getting Toys 
13.1.2023, 16:50:49 - INFO - Req was made 
13.1.2023, 16:50:49 - DEBUG - Getting Toys 
13.1.2023, 16:51:35 - DEBUG - auth.service - signup with username: grd, fullname: nj 
13.1.2023, 16:51:35 - DEBUG - auth.route - new account created: {"username":"grd","password":"$2b$10$oMWZTDljYYnrP8hA7VGCpuL/tW7mhLe1brkTPqieMGjmGdd33QIwW","fullname":"nj","_id":"63c16ff79dd350ee20a2d0ba"} 
13.1.2023, 16:51:35 - DEBUG - auth.service - login with username: grd 
13.1.2023, 16:51:36 - INFO - User login:  | {"_id":"63c16ff79dd350ee20a2d0ba","username":"grd","fullname":"nj"} 
13.1.2023, 16:52:40 - DEBUG - auth.service - login with username: puki 
13.1.2023, 16:52:40 - ERROR - Failed to Login Invalid username or password 
13.1.2023, 16:52:54 - DEBUG - auth.service - login with username: puki 
13.1.2023, 16:52:54 - ERROR - Failed to Login Invalid username or password 
13.1.2023, 16:53:54 - DEBUG - auth.service - login with username: puki 
13.1.2023, 16:53:54 - ERROR - Failed to Login Invalid username or password 
13.1.2023, 16:54:23 - DEBUG - auth.service - login with username: puki 
13.1.2023, 16:54:23 - ERROR - Failed to Login Invalid username or password 
13.1.2023, 19:02:24 - INFO - Req was made 
13.1.2023, 19:02:25 - DEBUG - Getting Toys 
13.1.2023, 19:02:26 - INFO - Req was made 
13.1.2023, 19:02:26 - DEBUG - Getting Toys 
13.1.2023, 19:02:43 - DEBUG - Getting Toys 
13.1.2023, 19:02:43 - INFO - Req was made 
13.1.2023, 19:02:43 - DEBUG - Getting Toys 
13.1.2023, 19:02:43 - INFO - Req was made 
13.1.2023, 19:02:52 - INFO - Req was made 
13.1.2023, 19:02:52 - DEBUG - Getting Toys 
13.1.2023, 19:02:53 - DEBUG - Getting Toys 
13.1.2023, 19:02:53 - INFO - Req was made 
13.1.2023, 19:02:56 - DEBUG - Getting Toys 
13.1.2023, 19:02:56 - INFO - Req was made 
14.1.2023, 11:38:59 - INFO - Req was made 
14.1.2023, 11:39:00 - DEBUG - Getting Toys 
14.1.2023, 11:39:01 - INFO - Req was made 
14.1.2023, 11:39:01 - DEBUG - Getting Toys 
14.1.2023, 11:39:01 - INFO - Req was made 
14.1.2023, 11:39:01 - DEBUG - Getting Toys 
14.1.2023, 11:56:55 - INFO - Server is running on port: 3030 
14.1.2023, 11:57:46 - DEBUG - Getting Toys 
14.1.2023, 11:57:46 - INFO - Req was made 
14.1.2023, 11:57:47 - INFO - Req was made 
14.1.2023, 11:57:47 - DEBUG - Getting Toys 
14.1.2023, 11:57:48 - INFO - Req was made 
14.1.2023, 11:57:48 - DEBUG - Getting Toys 
14.1.2023, 11:58:09 - INFO - Req was made 
14.1.2023, 11:58:09 - DEBUG - Getting Toys 
14.1.2023, 11:58:11 - INFO - Req was made 
14.1.2023, 11:58:11 - DEBUG - Getting Toys 
14.1.2023, 11:58:11 - INFO - Req was made 
14.1.2023, 11:58:11 - DEBUG - Getting Toys 
14.1.2023, 11:58:34 - INFO - Req was made 
14.1.2023, 11:58:34 - DEBUG - Getting Toys 
14.1.2023, 11:58:35 - INFO - Req was made 
14.1.2023, 11:58:35 - DEBUG - Getting Toys 
14.1.2023, 11:58:36 - DEBUG - Getting Toys 
14.1.2023, 11:58:36 - INFO - Req was made 
14.1.2023, 11:58:37 - INFO - Req was made 
14.1.2023, 11:58:37 - DEBUG - Getting Toys 
14.1.2023, 11:58:38 - INFO - Req was made 
14.1.2023, 11:58:38 - DEBUG - Getting Toys 
14.1.2023, 11:58:48 - DEBUG - auth.service - login with username: puki 
14.1.2023, 11:58:48 - ERROR - Failed to Login Invalid username or password 
14.1.2023, 11:59:00 - INFO - Req was made 
14.1.2023, 11:59:00 - DEBUG - Getting Toys 
14.1.2023, 11:59:01 - INFO - Req was made 
14.1.2023, 11:59:01 - DEBUG - Getting Toys 
14.1.2023, 11:59:14 - DEBUG - auth.service - login with username: puki 
14.1.2023, 11:59:14 - ERROR - Failed to Login Invalid username or password 
14.1.2023, 11:59:24 - DEBUG - auth.service - signup with username: yael, fullname: yael 
14.1.2023, 11:59:25 - DEBUG - auth.route - new account created: {"username":"yael","password":"$2b$10$F.vjg71fOuouMWp.wOT.P.SkJrzVfJflOdB4aYLZsfjiQHj.5MN.O","fullname":"yael","_id":"63c27cfd1b2d628c7e82694e"} 
14.1.2023, 11:59:25 - DEBUG - auth.service - login with username: yael 
14.1.2023, 11:59:25 - INFO - User login:  | {"_id":"63c15b789dd350ee20a2d0b5","username":"yael","fullname":"Yael"} 
14.1.2023, 12:01:49 - INFO - Req was made 
14.1.2023, 12:01:49 - DEBUG - Getting Toys 
14.1.2023, 12:01:50 - INFO - Req was made 
14.1.2023, 12:01:50 - DEBUG - Getting Toys 
14.1.2023, 12:01:50 - INFO - Req was made 
14.1.2023, 12:01:50 - DEBUG - Getting Toys 
14.1.2023, 12:06:14 - DEBUG - auth.service - signup with username: grd, fullname: grd grd 
14.1.2023, 12:06:14 - DEBUG - auth.route - new account created: {"username":"grd","password":"$2b$10$77YTtPg9Bl1P1UGxPICuE.q5D4i6TWzz4PerragrUXR1KBa2r3eWC","fullname":"grd grd","_id":"63c27e961b2d628c7e82694f"} 
14.1.2023, 12:06:14 - DEBUG - auth.service - login with username: grd 
14.1.2023, 12:06:14 - INFO - User login:  | {"_id":"63c16ff79dd350ee20a2d0ba","username":"grd","fullname":"nj"} 
14.1.2023, 12:07:41 - INFO - Server is running on port: 3030 
14.1.2023, 12:08:38 - INFO - Server is running on port: 3030 
14.1.2023, 12:08:50 - INFO - Server is running on port: 3030 
14.1.2023, 12:09:54 - INFO - Server is running on port: 3030 
14.1.2023, 12:09:56 - INFO - Req was made 
14.1.2023, 12:09:56 - DEBUG - Getting Toys 
14.1.2023, 12:09:57 - INFO - Req was made 
14.1.2023, 12:09:57 - DEBUG - Getting Toys 
14.1.2023, 12:09:58 - INFO - Req was made 
14.1.2023, 12:09:58 - DEBUG - Getting Toys 
14.1.2023, 12:09:59 - INFO - Req was made 
14.1.2023, 12:09:59 - DEBUG - Getting Toys 
14.1.2023, 12:10:01 - INFO - Req was made 
14.1.2023, 12:10:01 - DEBUG - Getting Toys 
14.1.2023, 12:10:03 - INFO - Req was made 
14.1.2023, 12:10:03 - DEBUG - Getting Toys 
14.1.2023, 12:10:04 - DEBUG - Getting Toys 
14.1.2023, 12:10:04 - INFO - Req was made 
14.1.2023, 12:10:06 - DEBUG - Getting Toys 
14.1.2023, 12:10:06 - INFO - Req was made 
14.1.2023, 12:10:07 - INFO - Req was made 
14.1.2023, 12:10:07 - DEBUG - Getting Toys 
14.1.2023, 12:10:07 - INFO - Req was made 
14.1.2023, 12:10:07 - DEBUG - Getting Toys 
14.1.2023, 12:10:25 - INFO - Req was made 
14.1.2023, 12:10:25 - DEBUG - Getting Toys 
14.1.2023, 12:10:26 - INFO - Req was made 
14.1.2023, 12:10:26 - DEBUG - Getting Toys 
14.1.2023, 12:10:26 - DEBUG - Getting Toys 
14.1.2023, 12:10:26 - INFO - Req was made 
14.1.2023, 12:10:27 - INFO - Req was made 
14.1.2023, 12:10:27 - DEBUG - Getting Toys 
14.1.2023, 12:10:28 - INFO - Req was made 
14.1.2023, 12:10:28 - DEBUG - Getting Toys 
14.1.2023, 12:10:29 - INFO - Req was made 
14.1.2023, 12:10:29 - DEBUG - Getting Toys 
14.1.2023, 12:10:29 - INFO - Req was made 
14.1.2023, 12:10:29 - DEBUG - Getting Toys 
14.1.2023, 12:10:52 - DEBUG - auth.service - signup with username: admin, fullname: admin 
14.1.2023, 12:10:53 - DEBUG - auth.route - new account created: {"username":"admin","password":"$2b$10$lDMzDvxSpO8iufgFdj6Z6eDorgy.deLMmjQJx5MbBUCiGbwA4T1NS","fullname":"admin","isAdmin":false,"_id":"63c27fad293d99d2682f80cc"} 
14.1.2023, 12:10:53 - DEBUG - auth.service - login with username: admin 
14.1.2023, 12:10:53 - INFO - User login:  | {"_id":"63c27fad293d99d2682f80cc","username":"admin","fullname":"admin","isAdmin":false} 
14.1.2023, 12:15:56 - DEBUG - auth.service - signup with username: hi, fullname: hi 
14.1.2023, 12:15:57 - DEBUG - auth.route - new account created: {"username":"hi","password":"$2b$10$sYt2ZhIjqm7zKbuWwbiiMOiXFHv7vKbEvK.nS0UWKNIgzLfScnaqG","fullname":"hi","isAdmin":false,"_id":"63c280dd293d99d2682f80cd"} 
14.1.2023, 12:15:57 - DEBUG - auth.service - login with username: hi 
14.1.2023, 12:15:57 - INFO - User login:  | {"_id":"63c280dd293d99d2682f80cd","username":"hi","fullname":"hi","isAdmin":false} 
14.1.2023, 12:16:06 - INFO - Req was made 
14.1.2023, 12:16:06 - DEBUG - Getting Toys 
14.1.2023, 12:16:07 - INFO - Req was made 
14.1.2023, 12:16:07 - DEBUG - Getting Toys 
14.1.2023, 12:16:07 - INFO - Req was made 
14.1.2023, 12:16:07 - DEBUG - Getting Toys 
14.1.2023, 12:16:17 - INFO - Req was made 
14.1.2023, 12:16:17 - DEBUG - Getting Toys 
14.1.2023, 12:16:17 - DEBUG - Getting Toys 
14.1.2023, 12:16:17 - INFO - Req was made 
14.1.2023, 12:16:25 - INFO - Req was made 
14.1.2023, 12:16:25 - DEBUG - Getting Toys 
14.1.2023, 12:16:26 - INFO - Req was made 
14.1.2023, 12:16:26 - DEBUG - Getting Toys 
14.1.2023, 12:16:30 - INFO - Req was made 
14.1.2023, 12:16:30 - DEBUG - Getting Toys 
14.1.2023, 12:16:30 - INFO - Req was made 
14.1.2023, 12:16:30 - DEBUG - Getting Toys 
14.1.2023, 12:16:34 - INFO - Req was made 
14.1.2023, 12:16:34 - DEBUG - Getting Toys 
14.1.2023, 12:16:35 - INFO - Req was made 
14.1.2023, 12:16:35 - DEBUG - Getting Toys 
14.1.2023, 12:16:37 - DEBUG - Getting Toys 
14.1.2023, 12:16:37 - INFO - Req was made 
14.1.2023, 12:16:37 - INFO - Req was made 
14.1.2023, 12:16:37 - DEBUG - Getting Toys 
14.1.2023, 12:16:47 - DEBUG - Getting Toys 
14.1.2023, 12:16:47 - INFO - Req was made 
14.1.2023, 12:16:50 - INFO - Req was made 
14.1.2023, 12:16:50 - DEBUG - Getting Toys 
14.1.2023, 12:16:51 - INFO - Req was made 
14.1.2023, 12:16:51 - DEBUG - Getting Toys 
14.1.2023, 12:16:56 - INFO - Req was made 
14.1.2023, 12:16:56 - DEBUG - Getting Toys 
14.1.2023, 12:16:57 - INFO - Req was made 
14.1.2023, 12:16:57 - DEBUG - Getting Toys 
14.1.2023, 12:16:57 - INFO - Req was made 
14.1.2023, 12:16:57 - DEBUG - Getting Toys 
14.1.2023, 12:20:02 - INFO - Req was made 
14.1.2023, 12:20:02 - DEBUG - Getting Toys 
14.1.2023, 12:20:02 - INFO - Req was made 
14.1.2023, 12:20:02 - DEBUG - Getting Toys 
14.1.2023, 12:20:20 - DEBUG - auth.service - signup with username: lll, fullname: lll 
14.1.2023, 12:20:20 - DEBUG - auth.route - new account created: {"username":"lll","password":"$2b$10$mejhZ/QISrnqVvtjUjXWB.5.jJdGiBZvbd2cQbtHK.p9rwBYg/v02","fullname":"lll","isAdmin":false,"_id":"63c281e4293d99d2682f80cf"} 
14.1.2023, 12:20:20 - DEBUG - auth.service - login with username: lll 
14.1.2023, 12:20:20 - INFO - User login:  | {"_id":"63c281e4293d99d2682f80cf","username":"lll","fullname":"lll","isAdmin":false} 
14.1.2023, 12:22:53 - INFO - Server is running on port: 3030 
14.1.2023, 12:22:56 - INFO - Req was made 
14.1.2023, 12:22:56 - DEBUG - Getting Toys 
14.1.2023, 12:22:56 - INFO - Req was made 
14.1.2023, 12:22:56 - DEBUG - Getting Toys 
14.1.2023, 12:23:00 - INFO - Req was made 
14.1.2023, 12:23:00 - DEBUG - Getting Toys 
14.1.2023, 12:23:00 - INFO - Req was made 
14.1.2023, 12:23:00 - DEBUG - Getting Toys 
14.1.2023, 12:25:27 - INFO - Server is running on port: 3030 
14.1.2023, 12:25:33 - INFO - Req was made 
14.1.2023, 12:25:33 - DEBUG - Getting Toys 
14.1.2023, 12:25:34 - DEBUG - Getting Toys 
14.1.2023, 12:25:34 - INFO - Req was made 
14.1.2023, 12:27:34 - INFO - Server is running on port: 3030 
14.1.2023, 12:27:38 - INFO - Req was made 
14.1.2023, 12:27:38 - DEBUG - Getting Toys 
14.1.2023, 12:27:38 - INFO - Req was made 
14.1.2023, 12:27:38 - DEBUG - Getting Toys 
14.1.2023, 12:27:41 - INFO - Req was made 
14.1.2023, 12:27:41 - DEBUG - Getting Toys 
14.1.2023, 12:27:42 - INFO - Req was made 
14.1.2023, 12:27:42 - DEBUG - Getting Toys 
14.1.2023, 12:27:44 - INFO - Req was made 
14.1.2023, 12:27:44 - DEBUG - Getting Toys 
14.1.2023, 12:27:45 - DEBUG - Getting Toys 
14.1.2023, 12:27:45 - INFO - Req was made 
14.1.2023, 12:27:47 - INFO - Req was made 
14.1.2023, 12:27:47 - DEBUG - Getting Toys 
14.1.2023, 12:28:49 - INFO - Req was made 
14.1.2023, 12:28:49 - DEBUG - Getting Toys 
14.1.2023, 12:28:49 - INFO - Req was made 
14.1.2023, 12:28:49 - DEBUG - Getting Toys 
14.1.2023, 12:28:52 - DEBUG - Getting Toys 
14.1.2023, 12:28:52 - INFO - Req was made 
14.1.2023, 12:30:13 - INFO - Server is running on port: 3030 
14.1.2023, 12:30:22 - INFO - Server is running on port: 3030 
14.1.2023, 12:31:17 - INFO - Req was made 
14.1.2023, 12:31:17 - DEBUG - Getting Toys 
14.1.2023, 12:31:18 - DEBUG - Getting Toys 
14.1.2023, 12:31:18 - INFO - Req was made 
14.1.2023, 12:31:42 - INFO - Server is running on port: 3030 
14.1.2023, 12:31:45 - INFO - Req was made 
14.1.2023, 12:31:45 - DEBUG - Getting Toys 
14.1.2023, 12:31:46 - INFO - Req was made 
14.1.2023, 12:31:46 - DEBUG - Getting Toys 
14.1.2023, 12:31:47 - INFO - Req was made 
14.1.2023, 12:31:47 - DEBUG - Getting Toys 
14.1.2023, 12:31:47 - INFO - Req was made 
14.1.2023, 12:31:47 - DEBUG - Getting Toys 
14.1.2023, 12:31:48 - DEBUG - Getting Toys 
14.1.2023, 12:31:48 - INFO - Req was made 
14.1.2023, 12:31:55 - INFO - Server is running on port: 3030 
14.1.2023, 12:33:03 - INFO - Server is running on port: 3030 
14.1.2023, 12:33:07 - INFO - Req was made 
14.1.2023, 12:33:07 - DEBUG - Getting Toys 
14.1.2023, 12:33:07 - INFO - Req was made 
14.1.2023, 12:33:07 - DEBUG - Getting Toys 
14.1.2023, 12:33:11 - INFO - Req was made 
14.1.2023, 12:33:11 - DEBUG - Getting Toys 
14.1.2023, 12:33:12 - DEBUG - Getting Toys 
14.1.2023, 12:33:12 - INFO - Req was made 
14.1.2023, 12:33:12 - INFO - Req was made 
14.1.2023, 12:33:12 - DEBUG - Getting Toys 
14.1.2023, 12:33:13 - INFO - Req was made 
14.1.2023, 12:33:13 - DEBUG - Getting Toys 
14.1.2023, 12:33:17 - INFO - Server is running on port: 3030 
14.1.2023, 12:34:55 - INFO - Req was made 
14.1.2023, 12:34:55 - DEBUG - Getting Toys 
14.1.2023, 12:34:55 - DEBUG - Getting Toys 
14.1.2023, 12:34:55 - INFO - Req was made 
14.1.2023, 12:35:00 - INFO - Req was made 
14.1.2023, 12:35:00 - DEBUG - Getting Toys 
14.1.2023, 12:35:01 - INFO - Req was made 
14.1.2023, 12:35:01 - DEBUG - Getting Toys 
14.1.2023, 12:35:05 - INFO - Req was made 
14.1.2023, 12:35:05 - DEBUG - Getting Toys 
14.1.2023, 12:35:09 - INFO - Req was made 
14.1.2023, 12:35:09 - DEBUG - Getting Toys 
14.1.2023, 12:35:09 - INFO - Req was made 
14.1.2023, 12:35:09 - DEBUG - Getting Toys 
14.1.2023, 12:35:11 - INFO - Req was made 
14.1.2023, 12:35:11 - DEBUG - Getting Toys 
14.1.2023, 12:35:12 - DEBUG - Getting Toys 
14.1.2023, 12:35:12 - INFO - Req was made 
14.1.2023, 12:37:38 - INFO - Req was made 
14.1.2023, 12:37:38 - DEBUG - Getting Toys 
14.1.2023, 12:37:52 - INFO - Req was made 
14.1.2023, 12:37:52 - DEBUG - Getting Toys 
14.1.2023, 12:37:53 - INFO - Req was made 
14.1.2023, 12:37:53 - DEBUG - Getting Toys 
14.1.2023, 12:38:37 - INFO - Req was made 
14.1.2023, 12:38:37 - DEBUG - Getting Toys 
14.1.2023, 12:38:39 - INFO - Req was made 
14.1.2023, 12:38:39 - DEBUG - Getting Toys 
14.1.2023, 12:38:39 - INFO - Req was made 
14.1.2023, 12:38:39 - DEBUG - Getting Toys 
14.1.2023, 12:38:48 - INFO - Req was made 
14.1.2023, 12:38:48 - DEBUG - Getting Toys 
14.1.2023, 12:44:32 - DEBUG - auth.service - login with username: lll 
14.1.2023, 12:44:32 - INFO - User login:  | {"_id":"63c281e4293d99d2682f80cf","username":"lll","fullname":"lll","isAdmin":false} 
14.1.2023, 12:45:00 - DEBUG - auth.service - login with username: puki 
14.1.2023, 12:45:00 - ERROR - Failed to Login Invalid username or password 
14.1.2023, 12:45:33 - DEBUG - auth.service - login with username: puki 
14.1.2023, 12:45:33 - ERROR - Failed to Login Invalid username or password 
14.1.2023, 12:46:21 - DEBUG - Getting Toys 
14.1.2023, 12:46:21 - INFO - Req was made 
14.1.2023, 12:46:21 - INFO - Req was made 
14.1.2023, 12:46:21 - DEBUG - Getting Toys 
14.1.2023, 12:48:09 - INFO - Req was made 
14.1.2023, 12:48:09 - DEBUG - Getting Toys 
14.1.2023, 12:48:09 - INFO - Req was made 
14.1.2023, 12:48:09 - DEBUG - Getting Toys 
14.1.2023, 12:57:44 - INFO - Req was made 
14.1.2023, 12:57:44 - DEBUG - Getting Toys 
14.1.2023, 12:57:44 - INFO - Req was made 
14.1.2023, 12:57:44 - DEBUG - Getting Toys 
14.1.2023, 13:12:28 - INFO - Server is running on port: 3030 
14.1.2023, 13:12:38 - INFO - Req was made 
14.1.2023, 13:12:38 - DEBUG - Getting Toys 
14.1.2023, 13:12:39 - INFO - Req was made 
14.1.2023, 13:12:39 - DEBUG - Getting Toys 
14.1.2023, 13:23:50 - INFO - Server is running on port: 3030 
14.1.2023, 13:30:59 - INFO - Server is running on port: 3030 
14.1.2023, 13:31:18 - INFO - Req was made 
14.1.2023, 13:31:18 - DEBUG - Getting Toys 
14.1.2023, 13:31:19 - INFO - Req was made 
14.1.2023, 13:31:19 - DEBUG - Getting Toys 
14.1.2023, 13:31:29 - DEBUG - Getting Toys 
14.1.2023, 13:31:29 - INFO - Req was made 
14.1.2023, 13:31:29 - INFO - Req was made 
14.1.2023, 13:31:29 - DEBUG - Getting Toys 
14.1.2023, 13:31:50 - DEBUG - Getting Toys 
14.1.2023, 13:31:50 - INFO - Req was made 
14.1.2023, 13:31:51 - INFO - Req was made 
14.1.2023, 13:31:51 - DEBUG - Getting Toys 
14.1.2023, 16:33:55 - DEBUG - Getting Toys 
14.1.2023, 16:33:53 - INFO - Req was made 
14.1.2023, 16:33:58 - INFO - Req was made 
14.1.2023, 16:33:58 - DEBUG - Getting Toys 
14.1.2023, 16:50:37 - DEBUG - Getting Toys 
14.1.2023, 16:50:37 - INFO - Req was made 
14.1.2023, 16:58:32 - DEBUG - Getting Toys 
14.1.2023, 16:58:32 - INFO - Req was made 
14.1.2023, 16:58:32 - INFO - Req was made 
14.1.2023, 16:58:32 - DEBUG - Getting Toys 
14.1.2023, 17:00:02 - INFO - Req was made 
14.1.2023, 17:00:02 - DEBUG - Getting Toys 
14.1.2023, 17:00:03 - INFO - Req was made 
14.1.2023, 17:00:03 - DEBUG - Getting Toys 
14.1.2023, 17:00:35 - INFO - Req was made 
14.1.2023, 17:00:35 - DEBUG - Getting Toys 
14.1.2023, 17:00:36 - INFO - Req was made 
14.1.2023, 17:00:36 - DEBUG - Getting Toys 
14.1.2023, 17:00:47 - INFO - Req was made 
14.1.2023, 17:00:47 - DEBUG - Getting Toys 
14.1.2023, 17:00:47 - INFO - Req was made 
14.1.2023, 17:00:47 - DEBUG - Getting Toys 
14.1.2023, 17:03:57 - INFO - Req was made 
14.1.2023, 17:03:57 - DEBUG - Getting Toys 
14.1.2023, 17:04:14 - INFO - Req was made 
14.1.2023, 17:04:14 - DEBUG - Getting Toys 
14.1.2023, 17:04:15 - INFO - Req was made 
14.1.2023, 17:04:15 - DEBUG - Getting Toys 
14.1.2023, 17:05:47 - INFO - Req was made 
14.1.2023, 17:05:47 - DEBUG - Getting Toys 
14.1.2023, 17:05:47 - INFO - Req was made 
14.1.2023, 17:05:47 - DEBUG - Getting Toys 
14.1.2023, 17:05:59 - INFO - Req was made 
14.1.2023, 17:05:59 - DEBUG - Getting Toys 
14.1.2023, 17:05:59 - INFO - Req was made 
14.1.2023, 17:05:59 - DEBUG - Getting Toys 
14.1.2023, 17:09:48 - INFO - Req was made 
14.1.2023, 17:09:48 - DEBUG - Getting Toys 
14.1.2023, 17:09:48 - INFO - Req was made 
14.1.2023, 17:09:48 - DEBUG - Getting Toys 
14.1.2023, 17:12:28 - INFO - Req was made 
14.1.2023, 17:12:28 - DEBUG - Getting Toys 
14.1.2023, 17:12:29 - INFO - Req was made 
14.1.2023, 17:12:29 - DEBUG - Getting Toys 
14.1.2023, 17:19:54 - INFO - Req was made 
14.1.2023, 17:19:54 - DEBUG - Getting Toys 
14.1.2023, 17:19:54 - INFO - Req was made 
14.1.2023, 17:19:54 - DEBUG - Getting Toys 
14.1.2023, 17:21:03 - INFO - Req was made 
14.1.2023, 17:21:03 - DEBUG - Getting Toys 
14.1.2023, 17:21:04 - DEBUG - Getting Toys 
14.1.2023, 17:21:04 - INFO - Req was made 
14.1.2023, 17:22:18 - INFO - Req was made 
14.1.2023, 17:22:18 - DEBUG - Getting Toys 
14.1.2023, 17:22:18 - DEBUG - Getting Toys 
14.1.2023, 17:22:18 - INFO - Req was made 
14.1.2023, 17:30:31 - INFO - Req was made 
14.1.2023, 17:30:31 - DEBUG - Getting Toys 
14.1.2023, 17:30:31 - INFO - Req was made 
14.1.2023, 17:30:31 - DEBUG - Getting Toys 
14.1.2023, 17:30:34 - INFO - Req was made 
14.1.2023, 17:30:34 - DEBUG - Getting Toys 
14.1.2023, 17:30:34 - INFO - Req was made 
14.1.2023, 17:30:34 - DEBUG - Getting Toys 
14.1.2023, 17:31:46 - INFO - Req was made 
14.1.2023, 17:31:46 - DEBUG - Getting Toys 
14.1.2023, 17:31:46 - INFO - Req was made 
14.1.2023, 17:31:46 - DEBUG - Getting Toys 
14.1.2023, 17:31:48 - INFO - Req was made 
14.1.2023, 17:31:48 - DEBUG - Getting Toys 
14.1.2023, 17:31:48 - DEBUG - Getting Toys 
14.1.2023, 17:31:48 - INFO - Req was made 
14.1.2023, 17:31:50 - INFO - Req was made 
14.1.2023, 17:31:50 - DEBUG - Getting Toys 
14.1.2023, 17:31:51 - INFO - Req was made 
14.1.2023, 17:31:51 - DEBUG - Getting Toys 
14.1.2023, 17:44:31 - DEBUG - Getting Toys 
14.1.2023, 17:44:31 - INFO - Req was made 
14.1.2023, 17:44:31 - INFO - Req was made 
14.1.2023, 17:44:31 - DEBUG - Getting Toys 
14.1.2023, 17:47:45 - DEBUG - auth.service - login with username: lll 
14.1.2023, 17:47:46 - INFO - User login:  | {"_id":"63c281e4293d99d2682f80cf","username":"lll","fullname":"lll","isAdmin":true} 
14.1.2023, 17:47:54 - INFO - Req was made 
14.1.2023, 17:47:54 - DEBUG - Getting Toys 
14.1.2023, 17:47:56 - DEBUG - Getting Toys 
14.1.2023, 17:47:56 - INFO - Req was made 
14.1.2023, 17:47:56 - INFO - Req was made 
14.1.2023, 17:47:56 - DEBUG - Getting Toys 
14.1.2023, 17:48:01 - DEBUG - Getting Toys 
14.1.2023, 17:48:01 - INFO - Req was made 
14.1.2023, 17:48:01 - INFO - Req was made 
14.1.2023, 17:48:01 - DEBUG - Getting Toys 
14.1.2023, 17:48:07 - INFO - Req was made 
14.1.2023, 17:48:07 - DEBUG - Getting Toys 
14.1.2023, 17:48:08 - INFO - Req was made 
14.1.2023, 17:48:08 - DEBUG - Getting Toys 
14.1.2023, 17:48:12 - INFO - Req was made 
14.1.2023, 17:48:12 - DEBUG - Getting Toys 
14.1.2023, 17:48:13 - INFO - Req was made 
14.1.2023, 17:48:13 - DEBUG - Getting Toys 
14.1.2023, 17:48:13 - INFO - Req was made 
14.1.2023, 17:48:13 - DEBUG - Getting Toys 
14.1.2023, 17:48:15 - DEBUG - Getting Toys 
14.1.2023, 17:48:15 - INFO - Req was made 
14.1.2023, 17:48:15 - INFO - Req was made 
14.1.2023, 17:48:15 - DEBUG - Getting Toys 
14.1.2023, 17:48:20 - INFO - Req was made 
14.1.2023, 17:48:20 - DEBUG - Getting Toys 
14.1.2023, 17:48:20 - DEBUG - Getting Toys 
14.1.2023, 17:48:20 - INFO - Req was made 
14.1.2023, 17:50:59 - DEBUG - Getting Toys 
14.1.2023, 17:50:59 - INFO - Req was made 
14.1.2023, 17:51:07 - INFO - Req was made 
14.1.2023, 17:51:07 - DEBUG - Getting Toys 
14.1.2023, 17:51:07 - INFO - Req was made 
14.1.2023, 17:51:07 - DEBUG - Getting Toys 
14.1.2023, 17:51:40 - INFO - Req was made 
14.1.2023, 17:51:40 - DEBUG - Getting Toys 
14.1.2023, 17:51:40 - INFO - Req was made 
14.1.2023, 17:51:40 - DEBUG - Getting Toys 
14.1.2023, 17:53:23 - DEBUG - Getting Toys 
14.1.2023, 17:53:23 - INFO - Req was made 
14.1.2023, 17:53:23 - INFO - Req was made 
14.1.2023, 17:53:23 - DEBUG - Getting Toys 
14.1.2023, 17:53:25 - INFO - Req was made 
14.1.2023, 17:53:25 - DEBUG - Getting Toys 
14.1.2023, 17:53:25 - INFO - Req was made 
14.1.2023, 17:53:25 - DEBUG - Getting Toys 
14.1.2023, 17:54:27 - INFO - Req was made 
14.1.2023, 17:54:27 - DEBUG - Getting Toys 
14.1.2023, 17:54:27 - INFO - Req was made 
14.1.2023, 17:54:27 - DEBUG - Getting Toys 
14.1.2023, 17:54:30 - INFO - Req was made 
14.1.2023, 17:54:30 - DEBUG - Getting Toys 
14.1.2023, 17:54:30 - INFO - Req was made 
14.1.2023, 17:54:30 - DEBUG - Getting Toys 
14.1.2023, 17:54:36 - INFO - Req was made 
14.1.2023, 17:54:36 - DEBUG - Getting Toys 
14.1.2023, 17:54:37 - INFO - Req was made 
14.1.2023, 17:54:37 - DEBUG - Getting Toys 
14.1.2023, 17:54:41 - INFO - Req was made 
14.1.2023, 17:54:41 - DEBUG - Getting Toys 
14.1.2023, 17:54:41 - INFO - Req was made 
14.1.2023, 17:54:41 - DEBUG - Getting Toys 
14.1.2023, 17:56:20 - INFO - Req was made 
14.1.2023, 17:56:20 - DEBUG - Getting Toys 
14.1.2023, 17:56:21 - INFO - Req was made 
14.1.2023, 17:56:21 - DEBUG - Getting Toys 
14.1.2023, 17:56:22 - INFO - Req was made 
14.1.2023, 17:56:22 - DEBUG - Getting Toys 
14.1.2023, 17:56:22 - INFO - Req was made 
14.1.2023, 17:56:22 - DEBUG - Getting Toys 
14.1.2023, 17:59:00 - INFO - Server is running on port: 3030 
14.1.2023, 17:59:51 - INFO - Server is running on port: 3030 
14.1.2023, 17:59:51 - INFO - Req was made 
14.1.2023, 17:59:51 - DEBUG - Getting Toys 
14.1.2023, 17:59:52 - INFO - Req was made 
14.1.2023, 17:59:52 - DEBUG - Getting Toys 
14.1.2023, 17:59:53 - INFO - Req was made 
14.1.2023, 17:59:53 - DEBUG - Getting Toys 
14.1.2023, 17:59:55 - INFO - Req was made 
14.1.2023, 17:59:55 - DEBUG - Getting Toys 
14.1.2023, 18:00:16 - INFO - Req was made 
14.1.2023, 18:00:16 - DEBUG - Getting Toys 
14.1.2023, 18:00:16 - INFO - Req was made 
14.1.2023, 18:00:16 - DEBUG - Getting Toys 
14.1.2023, 18:01:10 - INFO - Server is running on port: 3030 
14.1.2023, 18:01:29 - INFO - Server is running on port: 3030 
14.1.2023, 18:01:33 - INFO - Req was made 
14.1.2023, 18:01:33 - DEBUG - Getting Toys 
14.1.2023, 18:01:33 - INFO - Req was made 
14.1.2023, 18:01:33 - DEBUG - Getting Toys 
14.1.2023, 18:01:39 - INFO - Req was made 
14.1.2023, 18:01:39 - DEBUG - Getting Toys 
14.1.2023, 18:01:41 - DEBUG - Getting Toys 
14.1.2023, 18:01:41 - INFO - Req was made 
14.1.2023, 18:01:44 - INFO - Req was made 
14.1.2023, 18:01:44 - DEBUG - Getting Toys 
14.1.2023, 18:01:44 - INFO - Req was made 
14.1.2023, 18:01:44 - DEBUG - Getting Toys 
14.1.2023, 18:01:47 - INFO - Req was made 
14.1.2023, 18:01:47 - DEBUG - Getting Toys 
14.1.2023, 18:01:47 - INFO - Req was made 
14.1.2023, 18:01:47 - DEBUG - Getting Toys 
14.1.2023, 18:01:52 - INFO - Server is running on port: 3030 
14.1.2023, 18:01:57 - INFO - Req was made 
14.1.2023, 18:01:57 - DEBUG - Getting Toys 
14.1.2023, 18:01:58 - INFO - Req was made 
14.1.2023, 18:01:58 - DEBUG - Getting Toys 
14.1.2023, 18:02:04 - INFO - Server is running on port: 3030 
14.1.2023, 18:02:07 - INFO - Req was made 
14.1.2023, 18:02:07 - DEBUG - Getting Toys 
14.1.2023, 18:02:07 - DEBUG - Getting Toys 
14.1.2023, 18:02:07 - INFO - Req was made 
14.1.2023, 18:02:15 - INFO - Server is running on port: 3030 
14.1.2023, 18:02:18 - INFO - Req was made 
14.1.2023, 18:02:18 - DEBUG - Getting Toys 
14.1.2023, 18:02:18 - INFO - Req was made 
14.1.2023, 18:02:18 - DEBUG - Getting Toys 
14.1.2023, 18:04:25 - DEBUG - Getting Toys 
14.1.2023, 18:04:25 - INFO - Req was made 
14.1.2023, 18:06:51 - INFO - Req was made 
14.1.2023, 18:06:51 - DEBUG - Getting Toys 
14.1.2023, 18:06:51 - INFO - Req was made 
14.1.2023, 18:06:51 - DEBUG - Getting Toys 
14.1.2023, 18:06:53 - INFO - Req was made 
14.1.2023, 18:06:53 - DEBUG - Getting Toys 
14.1.2023, 18:06:54 - INFO - Req was made 
14.1.2023, 18:06:54 - DEBUG - Getting Toys 
14.1.2023, 18:06:57 - INFO - Req was made 
14.1.2023, 18:06:57 - DEBUG - Getting Toys 
14.1.2023, 18:06:57 - INFO - Req was made 
14.1.2023, 18:06:57 - DEBUG - Getting Toys 
14.1.2023, 18:07:00 - DEBUG - Getting Toys 
14.1.2023, 18:07:00 - INFO - Req was made 
14.1.2023, 18:07:01 - INFO - Req was made 
14.1.2023, 18:07:01 - DEBUG - Getting Toys 
14.1.2023, 18:07:02 - INFO - Req was made 
14.1.2023, 18:07:02 - DEBUG - Getting Toys 
14.1.2023, 18:09:44 - INFO - Req was made 
14.1.2023, 18:09:44 - DEBUG - Getting Toys 
14.1.2023, 18:09:44 - INFO - Req was made 
14.1.2023, 18:09:44 - DEBUG - Getting Toys 
14.1.2023, 18:09:51 - INFO - Req was made 
14.1.2023, 18:09:51 - DEBUG - Getting Toys 
14.1.2023, 18:09:51 - DEBUG - Getting Toys 
14.1.2023, 18:09:51 - INFO - Req was made 
14.1.2023, 18:10:19 - INFO - Server is running on port: 3030 
14.1.2023, 18:10:21 - INFO - Req was made 
14.1.2023, 18:10:21 - DEBUG - Getting Toys 
14.1.2023, 18:10:21 - DEBUG - Getting Toys 
14.1.2023, 18:10:21 - INFO - Req was made 
14.1.2023, 18:10:43 - INFO - Server is running on port: 3030 
14.1.2023, 18:10:46 - INFO - Req was made 
14.1.2023, 18:10:46 - DEBUG - Getting Toys 
14.1.2023, 18:10:46 - INFO - Req was made 
14.1.2023, 18:10:46 - DEBUG - Getting Toys 
14.1.2023, 18:11:07 - INFO - Server is running on port: 3030 
14.1.2023, 18:11:10 - INFO - Req was made 
14.1.2023, 18:11:10 - DEBUG - Getting Toys 
14.1.2023, 18:11:10 - DEBUG - Getting Toys 
14.1.2023, 18:11:10 - INFO - Req was made 
14.1.2023, 18:13:50 - INFO - Req was made 
14.1.2023, 18:13:50 - DEBUG - Getting Toys 
14.1.2023, 18:13:51 - DEBUG - Getting Toys 
14.1.2023, 18:13:51 - INFO - Req was made 
14.1.2023, 18:13:58 - INFO - Req was made 
14.1.2023, 18:13:58 - DEBUG - Getting Toys 
14.1.2023, 18:13:58 - DEBUG - Getting Toys 
14.1.2023, 18:13:58 - INFO - Req was made 
14.1.2023, 18:14:00 - INFO - Req was made 
14.1.2023, 18:14:00 - DEBUG - Getting Toys 
14.1.2023, 18:14:01 - DEBUG - Getting Toys 
14.1.2023, 18:14:01 - INFO - Req was made 
14.1.2023, 18:14:57 - INFO - Req was made 
14.1.2023, 18:14:57 - DEBUG - Getting Toys 
14.1.2023, 18:14:58 - INFO - Req was made 
14.1.2023, 18:14:58 - DEBUG - Getting Toys 
14.1.2023, 18:15:05 - INFO - Req was made 
14.1.2023, 18:15:05 - DEBUG - Getting Toys 
14.1.2023, 18:15:05 - INFO - Req was made 
14.1.2023, 18:15:05 - DEBUG - Getting Toys 
14.1.2023, 18:15:27 - INFO - Req was made 
14.1.2023, 18:15:27 - DEBUG - Getting Toys 
14.1.2023, 18:15:27 - INFO - Req was made 
14.1.2023, 18:15:27 - DEBUG - Getting Toys 
14.1.2023, 18:15:35 - DEBUG - Getting Toys 
14.1.2023, 18:15:35 - INFO - Req was made 
14.1.2023, 18:15:35 - INFO - Req was made 
14.1.2023, 18:15:35 - DEBUG - Getting Toys 
14.1.2023, 18:15:38 - INFO - Req was made 
14.1.2023, 18:15:38 - DEBUG - Getting Toys 
14.1.2023, 18:15:38 - INFO - Req was made 
14.1.2023, 18:15:38 - DEBUG - Getting Toys 
14.1.2023, 18:16:37 - INFO - Req was made 
14.1.2023, 18:16:37 - DEBUG - Getting Toys 
14.1.2023, 18:16:37 - INFO - Req was made 
14.1.2023, 18:16:37 - DEBUG - Getting Toys 
14.1.2023, 18:16:39 - INFO - Req was made 
14.1.2023, 18:16:39 - DEBUG - Getting Toys 
14.1.2023, 18:16:39 - INFO - Req was made 
14.1.2023, 18:16:39 - DEBUG - Getting Toys 
14.1.2023, 18:16:41 - INFO - Req was made 
14.1.2023, 18:16:41 - DEBUG - Getting Toys 
14.1.2023, 18:16:41 - INFO - Req was made 
14.1.2023, 18:16:41 - DEBUG - Getting Toys 
14.1.2023, 18:16:43 - INFO - Req was made 
14.1.2023, 18:16:43 - DEBUG - Getting Toys 
14.1.2023, 18:16:43 - INFO - Req was made 
14.1.2023, 18:16:43 - DEBUG - Getting Toys 
14.1.2023, 18:16:45 - DEBUG - Getting Toys 
14.1.2023, 18:16:45 - INFO - Req was made 
14.1.2023, 18:16:45 - INFO - Req was made 
14.1.2023, 18:16:45 - DEBUG - Getting Toys 
14.1.2023, 18:16:46 - INFO - Req was made 
14.1.2023, 18:16:46 - DEBUG - Getting Toys 
14.1.2023, 18:16:47 - INFO - Req was made 
14.1.2023, 18:16:47 - DEBUG - Getting Toys 
14.1.2023, 18:16:49 - DEBUG - Getting Toys 
14.1.2023, 18:16:49 - INFO - Req was made 
14.1.2023, 18:16:49 - INFO - Req was made 
14.1.2023, 18:16:49 - DEBUG - Getting Toys 
14.1.2023, 18:17:09 - DEBUG - auth.service - login with username: lll 
14.1.2023, 18:17:09 - INFO - User login:  | {"_id":"63c281e4293d99d2682f80cf","username":"lll","fullname":"lll","isAdmin":true} 
14.1.2023, 18:17:10 - INFO - Req was made 
14.1.2023, 18:17:10 - DEBUG - Getting Toys 
14.1.2023, 18:17:11 - INFO - Req was made 
14.1.2023, 18:17:11 - DEBUG - Getting Toys 
14.1.2023, 18:17:29 - INFO - Req was made 
14.1.2023, 18:17:29 - DEBUG - Getting Toys 
14.1.2023, 18:17:29 - INFO - Req was made 
14.1.2023, 18:17:29 - DEBUG - Getting Toys 
14.1.2023, 18:17:34 - INFO - Req was made 
14.1.2023, 18:17:34 - DEBUG - Getting Toys 
14.1.2023, 18:17:34 - INFO - Req was made 
14.1.2023, 18:17:34 - DEBUG - Getting Toys 
14.1.2023, 18:18:32 - DEBUG - Getting Toys 
14.1.2023, 18:18:32 - INFO - Req was made 
14.1.2023, 18:18:33 - INFO - Req was made 
14.1.2023, 18:18:33 - DEBUG - Getting Toys 
14.1.2023, 18:18:34 - INFO - Req was made 
14.1.2023, 18:18:34 - DEBUG - Getting Toys 
14.1.2023, 18:18:34 - INFO - Req was made 
14.1.2023, 18:18:34 - DEBUG - Getting Toys 
14.1.2023, 18:18:35 - INFO - Req was made 
14.1.2023, 18:18:35 - DEBUG - Getting Toys 
14.1.2023, 18:18:36 - INFO - Req was made 
14.1.2023, 18:18:36 - DEBUG - Getting Toys 
14.1.2023, 18:19:15 - INFO - Req was made 
14.1.2023, 18:19:15 - DEBUG - Getting Toys 
14.1.2023, 18:19:15 - INFO - Req was made 
14.1.2023, 18:19:15 - DEBUG - Getting Toys 
14.1.2023, 18:19:17 - INFO - Req was made 
14.1.2023, 18:19:17 - DEBUG - Getting Toys 
14.1.2023, 18:19:17 - INFO - Req was made 
14.1.2023, 18:19:17 - DEBUG - Getting Toys 
14.1.2023, 18:19:59 - INFO - Req was made 
14.1.2023, 18:19:59 - DEBUG - Getting Toys 
14.1.2023, 18:19:59 - INFO - Req was made 
14.1.2023, 18:19:59 - DEBUG - Getting Toys 
14.1.2023, 18:20:00 - INFO - Req was made 
14.1.2023, 18:20:00 - DEBUG - Getting Toys 
14.1.2023, 18:20:01 - INFO - Req was made 
14.1.2023, 18:20:01 - DEBUG - Getting Toys 
14.1.2023, 18:20:29 - INFO - Req was made 
14.1.2023, 18:20:29 - DEBUG - Getting Toys 
14.1.2023, 18:20:29 - INFO - Req was made 
14.1.2023, 18:20:29 - DEBUG - Getting Toys 
14.1.2023, 18:20:32 - INFO - Req was made 
14.1.2023, 18:20:32 - DEBUG - Getting Toys 
14.1.2023, 18:20:32 - INFO - Req was made 
14.1.2023, 18:20:32 - DEBUG - Getting Toys 
14.1.2023, 18:20:33 - INFO - Req was made 
14.1.2023, 18:20:33 - DEBUG - Getting Toys 
14.1.2023, 18:20:34 - INFO - Req was made 
14.1.2023, 18:20:34 - DEBUG - Getting Toys 
14.1.2023, 18:20:35 - INFO - Req was made 
14.1.2023, 18:20:35 - DEBUG - Getting Toys 
14.1.2023, 18:20:36 - INFO - Req was made 
14.1.2023, 18:20:36 - DEBUG - Getting Toys 
14.1.2023, 18:20:38 - INFO - Req was made 
14.1.2023, 18:20:38 - DEBUG - Getting Toys 
14.1.2023, 18:20:38 - INFO - Req was made 
14.1.2023, 18:20:38 - DEBUG - Getting Toys 
14.1.2023, 18:20:53 - INFO - Req was made 
14.1.2023, 18:20:53 - DEBUG - Getting Toys 
14.1.2023, 18:20:53 - INFO - Req was made 
14.1.2023, 18:20:53 - DEBUG - Getting Toys 
14.1.2023, 18:20:56 - INFO - Req was made 
14.1.2023, 18:20:56 - DEBUG - Getting Toys 
14.1.2023, 18:20:56 - INFO - Req was made 
14.1.2023, 18:20:56 - DEBUG - Getting Toys 
14.1.2023, 18:20:57 - INFO - Req was made 
14.1.2023, 18:20:57 - DEBUG - Getting Toys 
14.1.2023, 18:20:58 - INFO - Req was made 
14.1.2023, 18:20:58 - DEBUG - Getting Toys 
14.1.2023, 18:21:07 - INFO - Req was made 
14.1.2023, 18:21:07 - DEBUG - Getting Toys 
14.1.2023, 18:21:08 - INFO - Req was made 
14.1.2023, 18:21:08 - DEBUG - Getting Toys 
14.1.2023, 18:21:12 - DEBUG - Getting Toys 
14.1.2023, 18:21:12 - INFO - Req was made 
14.1.2023, 18:21:13 - INFO - Req was made 
14.1.2023, 18:21:13 - DEBUG - Getting Toys 
14.1.2023, 18:21:15 - INFO - Req was made 
14.1.2023, 18:21:15 - DEBUG - Getting Toys 
14.1.2023, 18:21:15 - INFO - Req was made 
14.1.2023, 18:21:15 - DEBUG - Getting Toys 
14.1.2023, 18:21:24 - INFO - Req was made 
14.1.2023, 18:21:24 - DEBUG - Getting Toys 
14.1.2023, 18:21:24 - INFO - Req was made 
14.1.2023, 18:21:24 - DEBUG - Getting Toys 
14.1.2023, 18:21:28 - INFO - Req was made 
14.1.2023, 18:21:28 - DEBUG - Getting Toys 
14.1.2023, 18:21:28 - INFO - Req was made 
14.1.2023, 18:21:28 - DEBUG - Getting Toys 
14.1.2023, 18:23:17 - INFO - Req was made 
14.1.2023, 18:23:17 - DEBUG - Getting Toys 
14.1.2023, 18:23:18 - INFO - Req was made 
14.1.2023, 18:23:18 - DEBUG - Getting Toys 
14.1.2023, 18:23:21 - INFO - Req was made 
14.1.2023, 18:23:21 - DEBUG - Getting Toys 
14.1.2023, 18:23:21 - INFO - Req was made 
14.1.2023, 18:23:21 - DEBUG - Getting Toys 
14.1.2023, 18:23:24 - INFO - Req was made 
14.1.2023, 18:23:24 - DEBUG - Getting Toys 
14.1.2023, 18:23:24 - INFO - Req was made 
14.1.2023, 18:23:24 - DEBUG - Getting Toys 
14.1.2023, 18:23:38 - INFO - Req was made 
14.1.2023, 18:23:38 - DEBUG - Getting Toys 
14.1.2023, 18:23:39 - DEBUG - Getting Toys 
14.1.2023, 18:23:39 - INFO - Req was made 
14.1.2023, 18:23:41 - INFO - Req was made 
14.1.2023, 18:23:41 - DEBUG - Getting Toys 
14.1.2023, 18:23:42 - DEBUG - Getting Toys 
14.1.2023, 18:23:42 - INFO - Req was made 
14.1.2023, 18:24:27 - INFO - Req was made 
14.1.2023, 18:24:27 - DEBUG - Getting Toys 
14.1.2023, 18:24:27 - INFO - Req was made 
14.1.2023, 18:24:27 - DEBUG - Getting Toys 
14.1.2023, 18:24:28 - INFO - Req was made 
14.1.2023, 18:24:28 - DEBUG - Getting Toys 
14.1.2023, 18:24:29 - INFO - Req was made 
14.1.2023, 18:24:29 - DEBUG - Getting Toys 
14.1.2023, 18:24:31 - INFO - Req was made 
14.1.2023, 18:24:31 - DEBUG - Getting Toys 
14.1.2023, 18:24:31 - INFO - Req was made 
14.1.2023, 18:24:31 - DEBUG - Getting Toys 
14.1.2023, 18:24:33 - INFO - Req was made 
14.1.2023, 18:24:33 - DEBUG - Getting Toys 
14.1.2023, 18:24:34 - INFO - Req was made 
14.1.2023, 18:24:34 - DEBUG - Getting Toys 
14.1.2023, 18:24:35 - INFO - Req was made 
14.1.2023, 18:24:35 - DEBUG - Getting Toys 
14.1.2023, 18:24:35 - INFO - Req was made 
14.1.2023, 18:24:35 - DEBUG - Getting Toys 
14.1.2023, 18:24:36 - INFO - Req was made 
14.1.2023, 18:24:36 - DEBUG - Getting Toys 
14.1.2023, 18:24:37 - INFO - Req was made 
14.1.2023, 18:24:37 - DEBUG - Getting Toys 
14.1.2023, 18:24:39 - INFO - Req was made 
14.1.2023, 18:24:39 - DEBUG - Getting Toys 
14.1.2023, 18:24:39 - INFO - Req was made 
14.1.2023, 18:24:39 - DEBUG - Getting Toys 
14.1.2023, 18:25:25 - INFO - Req was made 
14.1.2023, 18:25:25 - DEBUG - Getting Toys 
14.1.2023, 18:25:26 - DEBUG - Getting Toys 
14.1.2023, 18:25:26 - INFO - Req was made 
14.1.2023, 18:25:30 - INFO - Req was made 
14.1.2023, 18:25:30 - DEBUG - Getting Toys 
14.1.2023, 18:25:30 - INFO - Req was made 
14.1.2023, 18:25:30 - DEBUG - Getting Toys 
14.1.2023, 18:25:33 - DEBUG - Getting Toys 
14.1.2023, 18:25:33 - INFO - Req was made 
14.1.2023, 18:25:33 - INFO - Req was made 
14.1.2023, 18:25:33 - DEBUG - Getting Toys 
14.1.2023, 18:26:24 - DEBUG - Getting Toys 
14.1.2023, 18:26:24 - INFO - Req was made 
14.1.2023, 18:26:25 - INFO - Req was made 
14.1.2023, 18:26:25 - DEBUG - Getting Toys 
14.1.2023, 18:26:28 - INFO - Req was made 
14.1.2023, 18:26:28 - DEBUG - Getting Toys 
14.1.2023, 18:26:28 - INFO - Req was made 
14.1.2023, 18:26:28 - DEBUG - Getting Toys 
14.1.2023, 18:26:31 - DEBUG - Getting Toys 
14.1.2023, 18:26:31 - INFO - Req was made 
14.1.2023, 18:26:31 - INFO - Req was made 
14.1.2023, 18:26:31 - DEBUG - Getting Toys 
14.1.2023, 18:26:34 - DEBUG - Getting Toys 
14.1.2023, 18:26:34 - INFO - Req was made 
14.1.2023, 18:26:34 - INFO - Req was made 
14.1.2023, 18:26:34 - DEBUG - Getting Toys 
14.1.2023, 18:26:36 - INFO - Req was made 
14.1.2023, 18:26:36 - DEBUG - Getting Toys 
14.1.2023, 18:26:36 - INFO - Req was made 
14.1.2023, 18:26:36 - DEBUG - Getting Toys 
14.1.2023, 18:26:41 - INFO - Req was made 
14.1.2023, 18:26:41 - DEBUG - Getting Toys 
14.1.2023, 18:26:41 - INFO - Req was made 
14.1.2023, 18:26:41 - DEBUG - Getting Toys 
14.1.2023, 18:27:07 - INFO - Req was made 
14.1.2023, 18:27:07 - DEBUG - Getting Toys 
14.1.2023, 18:27:07 - INFO - Req was made 
14.1.2023, 18:27:07 - DEBUG - Getting Toys 
14.1.2023, 18:27:10 - INFO - Req was made 
14.1.2023, 18:27:10 - DEBUG - Getting Toys 
14.1.2023, 18:27:11 - INFO - Req was made 
14.1.2023, 18:27:11 - DEBUG - Getting Toys 
14.1.2023, 18:29:26 - DEBUG - auth.service - signup with username: res, fullname: res 
14.1.2023, 18:29:26 - DEBUG - auth.route - new account created: {"username":"res","password":"$2b$10$u42qTeDxMohjbBSTbAEDWej/SYGhBSfoRfIOn3oQXeSGHd42hPXp2","fullname":"res","isAdmin":false,"_id":"63c2d866afe2a4555473dca8"} 
14.1.2023, 18:29:26 - DEBUG - auth.service - login with username: res 
14.1.2023, 18:29:27 - INFO - User login:  | {"_id":"63c2d866afe2a4555473dca8","username":"res","fullname":"res","isAdmin":false} 
14.1.2023, 18:29:31 - INFO - Req was made 
14.1.2023, 18:29:31 - DEBUG - Getting Toys 
14.1.2023, 18:29:32 - INFO - Req was made 
14.1.2023, 18:29:32 - DEBUG - Getting Toys 
14.1.2023, 18:29:32 - INFO - Req was made 
14.1.2023, 18:29:32 - DEBUG - Getting Toys 
14.1.2023, 18:29:35 - INFO - Req was made 
14.1.2023, 18:29:35 - DEBUG - Getting Toys 
14.1.2023, 18:29:50 - INFO - Req was made 
14.1.2023, 18:29:50 - DEBUG - Getting Toys 
14.1.2023, 18:29:50 - DEBUG - Getting Toys 
14.1.2023, 18:29:50 - INFO - Req was made 
14.1.2023, 18:29:51 - WARN - resattempted to perform admin action 
14.1.2023, 18:30:21 - DEBUG - auth.service - login with username: lll 
14.1.2023, 18:30:21 - INFO - User login:  | {"_id":"63c281e4293d99d2682f80cf","username":"lll","fullname":"lll","isAdmin":true} 
14.1.2023, 18:30:23 - INFO - Req was made 
14.1.2023, 18:30:23 - DEBUG - Getting Toys 
14.1.2023, 18:30:23 - DEBUG - Getting Toys 
14.1.2023, 18:30:23 - INFO - Req was made 
14.1.2023, 18:30:30 - INFO - Req was made 
14.1.2023, 18:30:30 - DEBUG - Getting Toys 
14.1.2023, 18:30:31 - INFO - Req was made 
14.1.2023, 18:30:31 - DEBUG - Getting Toys 
14.1.2023, 18:42:03 - DEBUG - Getting Toys 
14.1.2023, 18:42:03 - INFO - Req was made 
14.1.2023, 18:42:03 - INFO - Req was made 
14.1.2023, 18:42:03 - DEBUG - Getting Toys 
14.1.2023, 18:49:13 - INFO - Req was made 
14.1.2023, 18:49:13 - DEBUG - Getting Toys 
14.1.2023, 18:49:13 - INFO - Req was made 
14.1.2023, 18:49:13 - DEBUG - Getting Toys 
14.1.2023, 18:49:16 - INFO - Req was made 
14.1.2023, 18:49:16 - DEBUG - Getting Toys 
14.1.2023, 18:49:16 - INFO - Req was made 
14.1.2023, 18:49:16 - DEBUG - Getting Toys 
14.1.2023, 18:49:18 - INFO - Req was made 
14.1.2023, 18:49:18 - DEBUG - Getting Toys 
14.1.2023, 18:49:18 - INFO - Req was made 
14.1.2023, 18:49:18 - DEBUG - Getting Toys 
14.1.2023, 18:49:24 - INFO - Req was made 
14.1.2023, 18:49:24 - DEBUG - Getting Toys 
14.1.2023, 18:49:25 - DEBUG - Getting Toys 
14.1.2023, 18:49:25 - INFO - Req was made 
14.1.2023, 18:49:26 - INFO - Req was made 
14.1.2023, 18:49:26 - DEBUG - Getting Toys 
14.1.2023, 18:49:28 - INFO - Req was made 
14.1.2023, 18:49:28 - DEBUG - Getting Toys 
14.1.2023, 18:49:29 - DEBUG - Getting Toys 
14.1.2023, 18:49:29 - INFO - Req was made 
14.1.2023, 18:49:31 - INFO - Req was made 
14.1.2023, 18:49:31 - DEBUG - Getting Toys 
14.1.2023, 18:49:31 - INFO - Req was made 
14.1.2023, 18:49:31 - DEBUG - Getting Toys 
14.1.2023, 18:49:52 - DEBUG - Getting Toys 
14.1.2023, 18:49:52 - INFO - Req was made 
14.1.2023, 18:49:53 - INFO - Req was made 
14.1.2023, 18:49:53 - DEBUG - Getting Toys 
14.1.2023, 18:49:53 - INFO - Req was made 
14.1.2023, 18:49:53 - DEBUG - Getting Toys 
14.1.2023, 18:52:25 - INFO - Req was made 
14.1.2023, 18:52:25 - DEBUG - Getting Toys 
14.1.2023, 18:52:26 - INFO - Req was made 
14.1.2023, 18:52:26 - DEBUG - Getting Toys 
14.1.2023, 18:52:30 - INFO - Req was made 
14.1.2023, 18:52:30 - DEBUG - Getting Toys 
14.1.2023, 18:52:42 - INFO - Req was made 
14.1.2023, 18:52:42 - DEBUG - Getting Toys 
14.1.2023, 18:52:43 - INFO - Req was made 
14.1.2023, 18:52:43 - DEBUG - Getting Toys 
14.1.2023, 18:52:46 - INFO - Req was made 
14.1.2023, 18:52:46 - DEBUG - Getting Toys 
14.1.2023, 18:52:46 - INFO - Req was made 
14.1.2023, 18:52:46 - DEBUG - Getting Toys 
14.1.2023, 18:52:48 - INFO - Req was made 
14.1.2023, 18:52:48 - DEBUG - Getting Toys 
14.1.2023, 18:52:49 - INFO - Req was made 
14.1.2023, 18:52:49 - DEBUG - Getting Toys 
14.1.2023, 18:52:51 - INFO - Req was made 
14.1.2023, 18:52:51 - DEBUG - Getting Toys 
14.1.2023, 18:52:51 - INFO - Req was made 
14.1.2023, 18:52:51 - DEBUG - Getting Toys 
14.1.2023, 18:54:27 - DEBUG - Getting Toys 
14.1.2023, 18:54:27 - INFO - Req was made 
14.1.2023, 18:54:28 - DEBUG - Getting Toys 
14.1.2023, 18:54:28 - INFO - Req was made 
14.1.2023, 18:54:29 - INFO - Req was made 
14.1.2023, 18:54:29 - DEBUG - Getting Toys 
14.1.2023, 18:54:29 - DEBUG - Getting Toys 
14.1.2023, 18:54:29 - INFO - Req was made 
14.1.2023, 18:54:36 - INFO - Req was made 
14.1.2023, 18:54:36 - DEBUG - Getting Toys 
14.1.2023, 18:54:36 - INFO - Req was made 
14.1.2023, 18:54:36 - DEBUG - Getting Toys 
14.1.2023, 18:54:38 - INFO - Req was made 
14.1.2023, 18:54:38 - DEBUG - Getting Toys 
14.1.2023, 18:54:39 - DEBUG - Getting Toys 
14.1.2023, 18:54:39 - INFO - Req was made 
14.1.2023, 18:57:26 - INFO - Req was made 
14.1.2023, 18:57:26 - DEBUG - Getting Toys 
14.1.2023, 18:57:27 - DEBUG - Getting Toys 
14.1.2023, 18:57:27 - INFO - Req was made 
14.1.2023, 18:57:27 - INFO - Req was made 
14.1.2023, 18:57:27 - DEBUG - Getting Toys 
14.1.2023, 18:57:41 - INFO - Req was made 
14.1.2023, 18:57:41 - DEBUG - Getting Toys 
14.1.2023, 18:57:42 - INFO - Req was made 
14.1.2023, 18:57:42 - DEBUG - Getting Toys 
14.1.2023, 18:57:42 - INFO - Req was made 
14.1.2023, 18:57:42 - DEBUG - Getting Toys 
14.1.2023, 18:57:47 - DEBUG - Getting Toys 
14.1.2023, 18:57:47 - INFO - Req was made 
14.1.2023, 18:57:47 - INFO - Req was made 
14.1.2023, 18:57:47 - DEBUG - Getting Toys 
14.1.2023, 18:57:49 - INFO - Req was made 
14.1.2023, 18:57:49 - DEBUG - Getting Toys 
14.1.2023, 18:57:57 - INFO - Req was made 
14.1.2023, 18:57:57 - DEBUG - Getting Toys 
14.1.2023, 18:58:01 - INFO - Req was made 
14.1.2023, 18:58:01 - DEBUG - Getting Toys 
14.1.2023, 18:58:05 - DEBUG - Getting Toys 
14.1.2023, 18:58:05 - INFO - Req was made 
14.1.2023, 18:58:05 - INFO - Req was made 
14.1.2023, 18:58:05 - DEBUG - Getting Toys 
14.1.2023, 18:58:08 - INFO - Req was made 
14.1.2023, 18:58:08 - DEBUG - Getting Toys 
14.1.2023, 18:58:08 - INFO - Req was made 
14.1.2023, 18:58:08 - DEBUG - Getting Toys 
14.1.2023, 19:23:39 - INFO - Req was made 
14.1.2023, 19:23:39 - DEBUG - Getting Toys 
14.1.2023, 19:23:39 - INFO - Req was made 
14.1.2023, 19:23:39 - DEBUG - Getting Toys 
14.1.2023, 19:23:42 - INFO - Req was made 
14.1.2023, 19:23:42 - DEBUG - Getting Toys 
14.1.2023, 19:23:44 - INFO - Req was made 
14.1.2023, 19:23:44 - DEBUG - Getting Toys 
14.1.2023, 19:23:46 - INFO - Req was made 
14.1.2023, 19:23:46 - DEBUG - Getting Toys 
14.1.2023, 19:23:47 - INFO - Req was made 
14.1.2023, 19:23:47 - DEBUG - Getting Toys 
14.1.2023, 19:23:48 - INFO - Req was made 
14.1.2023, 19:23:48 - DEBUG - Getting Toys 
14.1.2023, 19:23:49 - INFO - Req was made 
14.1.2023, 19:23:49 - DEBUG - Getting Toys 
14.1.2023, 19:23:50 - DEBUG - Getting Toys 
14.1.2023, 19:23:50 - INFO - Req was made 
14.1.2023, 19:23:51 - INFO - Req was made 
14.1.2023, 19:23:51 - DEBUG - Getting Toys 
14.1.2023, 19:26:30 - INFO - Req was made 
14.1.2023, 19:26:30 - DEBUG - Getting Toys 
14.1.2023, 19:26:32 - INFO - Req was made 
14.1.2023, 19:26:32 - DEBUG - Getting Toys 
14.1.2023, 19:26:32 - INFO - Req was made 
14.1.2023, 19:26:32 - DEBUG - Getting Toys 
14.1.2023, 19:26:35 - INFO - Req was made 
14.1.2023, 19:26:35 - DEBUG - Getting Toys 
14.1.2023, 19:26:35 - INFO - Req was made 
14.1.2023, 19:26:35 - DEBUG - Getting Toys 
14.1.2023, 19:26:41 - INFO - Req was made 
14.1.2023, 19:26:41 - DEBUG - Getting Toys 
14.1.2023, 19:26:41 - INFO - Req was made 
14.1.2023, 19:26:41 - DEBUG - Getting Toys 
14.1.2023, 19:26:46 - INFO - Req was made 
14.1.2023, 19:26:46 - DEBUG - Getting Toys 
14.1.2023, 19:26:46 - INFO - Req was made 
14.1.2023, 19:26:46 - DEBUG - Getting Toys 
14.1.2023, 19:26:59 - INFO - Req was made 
14.1.2023, 19:26:59 - DEBUG - Getting Toys 
14.1.2023, 19:26:59 - INFO - Req was made 
14.1.2023, 19:26:59 - DEBUG - Getting Toys 
14.1.2023, 19:27:31 - INFO - Req was made 
14.1.2023, 19:27:31 - DEBUG - Getting Toys 
14.1.2023, 19:27:32 - INFO - Req was made 
14.1.2023, 19:27:32 - DEBUG - Getting Toys 
14.1.2023, 19:27:32 - INFO - Req was made 
14.1.2023, 19:27:32 - DEBUG - Getting Toys 
14.1.2023, 19:28:41 - INFO - Req was made 
14.1.2023, 19:28:41 - DEBUG - Getting Toys 
14.1.2023, 19:28:42 - INFO - Req was made 
14.1.2023, 19:28:42 - DEBUG - Getting Toys 
14.1.2023, 19:28:42 - INFO - Req was made 
14.1.2023, 19:28:42 - DEBUG - Getting Toys 
14.1.2023, 19:30:05 - INFO - Req was made 
14.1.2023, 19:30:05 - DEBUG - Getting Toys 
14.1.2023, 19:30:05 - INFO - Req was made 
14.1.2023, 19:30:05 - DEBUG - Getting Toys 
14.1.2023, 19:30:11 - INFO - Req was made 
14.1.2023, 19:30:11 - DEBUG - Getting Toys 
14.1.2023, 19:30:12 - DEBUG - Getting Toys 
14.1.2023, 19:30:12 - INFO - Req was made 
14.1.2023, 19:30:14 - INFO - Req was made 
14.1.2023, 19:30:14 - DEBUG - Getting Toys 
14.1.2023, 19:30:15 - INFO - Req was made 
14.1.2023, 19:30:15 - DEBUG - Getting Toys 
14.1.2023, 19:30:16 - INFO - Req was made 
14.1.2023, 19:30:17 - DEBUG - Getting Toys 
14.1.2023, 19:30:17 - DEBUG - Getting Toys 
14.1.2023, 19:30:17 - INFO - Req was made 
14.1.2023, 21:10:39 - INFO - Server is running on port: 3030 
14.1.2023, 21:11:46 - INFO - Req was made 
14.1.2023, 21:11:46 - DEBUG - Getting Toys 
14.1.2023, 21:11:47 - DEBUG - Getting Toys 
14.1.2023, 21:11:47 - INFO - Req was made 
14.1.2023, 21:12:02 - INFO - Req was made 
14.1.2023, 21:12:02 - DEBUG - Getting Toys 
14.1.2023, 21:12:03 - INFO - Req was made 
14.1.2023, 21:12:03 - DEBUG - Getting Toys 
14.1.2023, 21:21:10 - INFO - Req was made 
14.1.2023, 21:21:10 - DEBUG - Getting Toys 
14.1.2023, 21:21:10 - INFO - Req was made 
14.1.2023, 21:21:10 - DEBUG - Getting Toys 
14.1.2023, 21:21:58 - INFO - Req was made 
14.1.2023, 21:21:58 - DEBUG - Getting Toys 
14.1.2023, 21:21:58 - INFO - Req was made 
14.1.2023, 21:21:58 - DEBUG - Getting Toys 
14.1.2023, 21:22:00 - INFO - Req was made 
14.1.2023, 21:22:00 - DEBUG - Getting Toys 
14.1.2023, 21:22:01 - INFO - Req was made 
14.1.2023, 21:22:01 - DEBUG - Getting Toys 
14.1.2023, 21:22:03 - DEBUG - Getting Toys 
14.1.2023, 21:22:03 - INFO - Req was made 
14.1.2023, 21:22:04 - INFO - Req was made 
14.1.2023, 21:22:04 - DEBUG - Getting Toys 
14.1.2023, 21:28:33 - INFO - Req was made 
14.1.2023, 21:28:33 - DEBUG - Getting Toys 
14.1.2023, 21:28:33 - INFO - Req was made 
14.1.2023, 21:28:33 - DEBUG - Getting Toys 
14.1.2023, 21:28:35 - DEBUG - Getting Toys 
14.1.2023, 21:28:35 - INFO - Req was made 
14.1.2023, 21:28:35 - INFO - Req was made 
14.1.2023, 21:28:35 - DEBUG - Getting Toys 
14.1.2023, 21:28:37 - INFO - Req was made 
14.1.2023, 21:28:37 - DEBUG - Getting Toys 
14.1.2023, 21:28:37 - INFO - Req was made 
14.1.2023, 21:28:37 - DEBUG - Getting Toys 
14.1.2023, 21:30:14 - DEBUG - Getting Toys 
14.1.2023, 21:30:14 - INFO - Req was made 
14.1.2023, 21:30:14 - INFO - Req was made 
14.1.2023, 21:30:14 - DEBUG - Getting Toys 
14.1.2023, 21:37:33 - DEBUG - Getting Toys 
14.1.2023, 21:37:33 - INFO - Req was made 
14.1.2023, 21:37:34 - INFO - Req was made 
14.1.2023, 21:37:34 - DEBUG - Getting Toys 
14.1.2023, 21:37:43 - DEBUG - Getting Toys 
14.1.2023, 21:37:43 - INFO - Req was made 
14.1.2023, 21:37:45 - INFO - Req was made 
14.1.2023, 21:37:45 - DEBUG - Getting Toys 
14.1.2023, 21:37:45 - INFO - Req was made 
14.1.2023, 21:37:45 - DEBUG - Getting Toys 
14.1.2023, 21:37:48 - INFO - Req was made 
14.1.2023, 21:37:48 - DEBUG - Getting Toys 
14.1.2023, 21:37:48 - INFO - Req was made 
14.1.2023, 21:37:48 - DEBUG - Getting Toys 
14.1.2023, 21:37:51 - INFO - Req was made 
14.1.2023, 21:37:51 - DEBUG - Getting Toys 
14.1.2023, 21:37:51 - INFO - Req was made 
14.1.2023, 21:37:51 - DEBUG - Getting Toys 
14.1.2023, 21:38:26 - INFO - Req was made 
14.1.2023, 21:38:26 - DEBUG - Getting Toys 
14.1.2023, 21:38:26 - INFO - Req was made 
14.1.2023, 21:38:26 - DEBUG - Getting Toys 
14.1.2023, 21:38:49 - INFO - Req was made 
14.1.2023, 21:38:49 - DEBUG - Getting Toys 
14.1.2023, 21:38:49 - INFO - Req was made 
14.1.2023, 21:38:49 - DEBUG - Getting Toys 
14.1.2023, 21:38:57 - DEBUG - auth.service - login with username: lll 
14.1.2023, 21:38:58 - INFO - User login:  | {"_id":"63c281e4293d99d2682f80cf","username":"lll","fullname":"lll","isAdmin":true} 
14.1.2023, 21:38:59 - INFO - Req was made 
14.1.2023, 21:38:59 - DEBUG - Getting Toys 
14.1.2023, 21:39:00 - INFO - Req was made 
14.1.2023, 21:39:00 - DEBUG - Getting Toys 
14.1.2023, 21:39:03 - INFO - Req was made 
14.1.2023, 21:39:03 - DEBUG - Getting Toys 
14.1.2023, 21:39:04 - INFO - Req was made 
14.1.2023, 21:39:04 - DEBUG - Getting Toys 
14.1.2023, 21:39:09 - INFO - Req was made 
14.1.2023, 21:39:09 - DEBUG - Getting Toys 
14.1.2023, 21:39:09 - INFO - Req was made 
14.1.2023, 21:39:09 - DEBUG - Getting Toys 
14.1.2023, 21:39:13 - INFO - Req was made 
14.1.2023, 21:39:13 - DEBUG - Getting Toys 
14.1.2023, 21:39:13 - INFO - Req was made 
14.1.2023, 21:39:13 - DEBUG - Getting Toys 
14.1.2023, 21:39:22 - INFO - Req was made 
14.1.2023, 21:39:22 - DEBUG - Getting Toys 
14.1.2023, 21:39:22 - INFO - Req was made 
14.1.2023, 21:39:22 - DEBUG - Getting Toys 
14.1.2023, 21:40:42 - INFO - Req was made 
14.1.2023, 21:40:42 - DEBUG - Getting Toys 
14.1.2023, 21:40:43 - INFO - Req was made 
14.1.2023, 21:40:43 - DEBUG - Getting Toys 
14.1.2023, 21:40:45 - INFO - Req was made 
14.1.2023, 21:40:45 - DEBUG - Getting Toys 
14.1.2023, 21:40:45 - INFO - Req was made 
14.1.2023, 21:40:45 - DEBUG - Getting Toys 
14.1.2023, 21:40:48 - INFO - Req was made 
14.1.2023, 21:40:48 - DEBUG - Getting Toys 
14.1.2023, 21:40:49 - INFO - Req was made 
14.1.2023, 21:40:49 - DEBUG - Getting Toys 
14.1.2023, 21:40:53 - INFO - Req was made 
14.1.2023, 21:40:53 - DEBUG - Getting Toys 
14.1.2023, 21:40:53 - INFO - Req was made 
14.1.2023, 21:40:53 - DEBUG - Getting Toys 
14.1.2023, 21:40:55 - DEBUG - Getting Toys 
14.1.2023, 21:40:55 - INFO - Req was made 
14.1.2023, 21:40:55 - DEBUG - Getting Toys 
14.1.2023, 21:40:55 - INFO - Req was made 
14.1.2023, 21:45:08 - INFO - Req was made 
14.1.2023, 21:45:08 - DEBUG - Getting Toys 
14.1.2023, 21:45:08 - DEBUG - Getting Toys 
14.1.2023, 21:45:08 - INFO - Req was made 
14.1.2023, 21:45:12 - INFO - Req was made 
14.1.2023, 21:45:12 - DEBUG - Getting Toys 
14.1.2023, 21:45:13 - INFO - Req was made 
14.1.2023, 21:45:13 - DEBUG - Getting Toys 
14.1.2023, 21:45:14 - DEBUG - Getting Toys 
14.1.2023, 21:45:14 - INFO - Req was made 
14.1.2023, 21:45:19 - DEBUG - Getting Toys 
14.1.2023, 21:45:19 - INFO - Req was made 
14.1.2023, 21:45:20 - INFO - Req was made 
14.1.2023, 21:45:20 - DEBUG - Getting Toys 
14.1.2023, 21:45:20 - INFO - Req was made 
14.1.2023, 21:45:20 - DEBUG - Getting Toys 
14.1.2023, 21:49:31 - INFO - Req was made 
14.1.2023, 21:49:31 - DEBUG - Getting Toys 
14.1.2023, 21:49:32 - INFO - Req was made 
14.1.2023, 21:49:32 - DEBUG - Getting Toys 
14.1.2023, 21:49:37 - DEBUG - Getting Toys 
14.1.2023, 21:49:37 - INFO - Req was made 
14.1.2023, 21:50:29 - DEBUG - Getting Toys 
14.1.2023, 21:50:29 - INFO - Req was made 
14.1.2023, 21:50:29 - INFO - Req was made 
14.1.2023, 21:50:29 - DEBUG - Getting Toys 
14.1.2023, 21:50:33 - INFO - Req was made 
14.1.2023, 21:50:33 - DEBUG - Getting Toys 
14.1.2023, 21:50:33 - INFO - Req was made 
14.1.2023, 21:50:33 - DEBUG - Getting Toys 
14.1.2023, 21:59:19 - DEBUG - Getting Toys 
14.1.2023, 21:59:19 - INFO - Req was made 
14.1.2023, 21:59:20 - INFO - Req was made 
14.1.2023, 21:59:20 - DEBUG - Getting Toys 
14.1.2023, 22:01:27 - INFO - Req was made 
14.1.2023, 22:01:27 - DEBUG - Getting Toys 
14.1.2023, 22:01:27 - INFO - Req was made 
14.1.2023, 22:01:27 - DEBUG - Getting Toys 
14.1.2023, 22:18:39 - INFO - Req was made 
14.1.2023, 22:18:39 - DEBUG - Getting Toys 
14.1.2023, 22:18:39 - INFO - Req was made 
14.1.2023, 22:18:39 - DEBUG - Getting Toys 
14.1.2023, 22:18:44 - INFO - Req was made 
14.1.2023, 22:18:44 - DEBUG - Getting Toys 
14.1.2023, 22:18:44 - INFO - Req was made 
14.1.2023, 22:18:44 - DEBUG - Getting Toys 
14.1.2023, 22:21:40 - INFO - Req was made 
14.1.2023, 22:21:40 - DEBUG - Getting Toys 
14.1.2023, 22:21:40 - DEBUG - Getting Toys 
14.1.2023, 22:21:40 - INFO - Req was made 
14.1.2023, 22:21:44 - INFO - Req was made 
14.1.2023, 22:21:44 - DEBUG - Getting Toys 
14.1.2023, 22:21:45 - DEBUG - Getting Toys 
14.1.2023, 22:21:45 - INFO - Req was made 
14.1.2023, 22:21:46 - INFO - Req was made 
14.1.2023, 22:21:46 - DEBUG - Getting Toys 
14.1.2023, 22:22:16 - DEBUG - Getting Toys 
14.1.2023, 22:22:16 - INFO - Req was made 
14.1.2023, 22:22:16 - INFO - Req was made 
14.1.2023, 22:22:16 - DEBUG - Getting Toys 
14.1.2023, 22:22:24 - INFO - Req was made 
14.1.2023, 22:22:24 - DEBUG - Getting Toys 
14.1.2023, 22:22:24 - INFO - Req was made 
14.1.2023, 22:22:24 - DEBUG - Getting Toys 
14.1.2023, 22:22:31 - INFO - Req was made 
14.1.2023, 22:22:31 - DEBUG - Getting Toys 
14.1.2023, 22:22:35 - INFO - Req was made 
14.1.2023, 22:22:35 - DEBUG - Getting Toys 
14.1.2023, 22:22:35 - INFO - Req was made 
14.1.2023, 22:22:35 - DEBUG - Getting Toys 
14.1.2023, 22:22:39 - INFO - Req was made 
14.1.2023, 22:22:39 - DEBUG - Getting Toys 
14.1.2023, 22:22:40 - DEBUG - Getting Toys 
14.1.2023, 22:22:40 - INFO - Req was made 
14.1.2023, 22:22:41 - INFO - Req was made 
14.1.2023, 22:22:41 - DEBUG - Getting Toys 
14.1.2023, 22:22:45 - INFO - Req was made 
14.1.2023, 22:22:45 - DEBUG - Getting Toys 
14.1.2023, 22:22:45 - INFO - Req was made 
14.1.2023, 22:22:45 - DEBUG - Getting Toys 
14.1.2023, 22:22:50 - INFO - Req was made 
14.1.2023, 22:22:50 - DEBUG - Getting Toys 
14.1.2023, 22:22:51 - INFO - Req was made 
14.1.2023, 22:22:51 - DEBUG - Getting Toys 
14.1.2023, 22:22:55 - INFO - Req was made 
14.1.2023, 22:22:55 - DEBUG - Getting Toys 
14.1.2023, 22:22:56 - INFO - Req was made 
14.1.2023, 22:22:56 - DEBUG - Getting Toys 
14.1.2023, 22:23:22 - INFO - Req was made 
14.1.2023, 22:23:22 - DEBUG - Getting Toys 
14.1.2023, 22:23:22 - INFO - Req was made 
14.1.2023, 22:23:22 - DEBUG - Getting Toys 
14.1.2023, 22:23:59 - INFO - Req was made 
14.1.2023, 22:23:59 - DEBUG - Getting Toys 
14.1.2023, 22:24:00 - INFO - Req was made 
14.1.2023, 22:24:00 - DEBUG - Getting Toys 
14.1.2023, 22:24:02 - INFO - Req was made 
14.1.2023, 22:24:02 - DEBUG - Getting Toys 
14.1.2023, 22:24:03 - INFO - Req was made 
14.1.2023, 22:24:03 - DEBUG - Getting Toys 
14.1.2023, 22:31:02 - INFO - Req was made 
14.1.2023, 22:31:02 - DEBUG - Getting Toys 
14.1.2023, 22:33:29 - DEBUG - Getting Toys 
14.1.2023, 22:33:29 - INFO - Req was made 
14.1.2023, 22:33:29 - INFO - Req was made 
14.1.2023, 22:33:29 - DEBUG - Getting Toys 
14.1.2023, 22:33:40 - INFO - Req was made 
14.1.2023, 22:33:40 - DEBUG - Getting Toys 
14.1.2023, 22:33:41 - INFO - Req was made 
14.1.2023, 22:33:41 - DEBUG - Getting Toys 
14.1.2023, 22:33:45 - INFO - Req was made 
14.1.2023, 22:33:45 - DEBUG - Getting Toys 
14.1.2023, 22:33:45 - DEBUG - Getting Toys 
14.1.2023, 22:33:45 - INFO - Req was made 
14.1.2023, 22:36:05 - INFO - Req was made 
14.1.2023, 22:36:05 - DEBUG - Getting Toys 
14.1.2023, 22:36:06 - INFO - Req was made 
14.1.2023, 22:36:06 - DEBUG - Getting Toys 
14.1.2023, 22:36:12 - INFO - Req was made 
14.1.2023, 22:36:12 - DEBUG - Getting Toys 
14.1.2023, 22:36:13 - DEBUG - Getting Toys 
14.1.2023, 22:36:13 - INFO - Req was made 
14.1.2023, 22:36:19 - DEBUG - Getting Toys 
14.1.2023, 22:36:19 - INFO - Req was made 
14.1.2023, 22:36:20 - INFO - Req was made 
14.1.2023, 22:36:20 - DEBUG - Getting Toys 
14.1.2023, 22:36:22 - INFO - Req was made 
14.1.2023, 22:36:22 - DEBUG - Getting Toys 
14.1.2023, 22:36:23 - INFO - Req was made 
14.1.2023, 22:36:23 - DEBUG - Getting Toys 
14.1.2023, 22:36:27 - INFO - Req was made 
14.1.2023, 22:36:27 - DEBUG - Getting Toys 
14.1.2023, 22:36:28 - DEBUG - Getting Toys 
14.1.2023, 22:36:28 - INFO - Req was made 
14.1.2023, 22:37:39 - INFO - Req was made 
14.1.2023, 22:37:39 - DEBUG - Getting Toys 
14.1.2023, 22:37:39 - INFO - Req was made 
14.1.2023, 22:37:39 - DEBUG - Getting Toys 
14.1.2023, 22:37:47 - DEBUG - Getting Toys 
14.1.2023, 22:37:47 - INFO - Req was made 
14.1.2023, 22:37:47 - INFO - Req was made 
14.1.2023, 22:37:47 - DEBUG - Getting Toys 
14.1.2023, 22:39:07 - INFO - Req was made 
14.1.2023, 22:39:07 - DEBUG - Getting Toys 
14.1.2023, 22:39:08 - INFO - Req was made 
14.1.2023, 22:39:08 - DEBUG - Getting Toys 
14.1.2023, 22:39:10 - INFO - Req was made 
14.1.2023, 22:39:10 - DEBUG - Getting Toys 
14.1.2023, 22:40:07 - DEBUG - Getting Toys 
14.1.2023, 22:40:07 - INFO - Req was made 
14.1.2023, 22:40:07 - INFO - Req was made 
14.1.2023, 22:40:07 - DEBUG - Getting Toys 
14.1.2023, 22:40:24 - DEBUG - Getting Toys 
14.1.2023, 22:40:24 - INFO - Req was made 
14.1.2023, 22:40:25 - INFO - Req was made 
14.1.2023, 22:40:25 - DEBUG - Getting Toys 
14.1.2023, 22:40:26 - INFO - Req was made 
14.1.2023, 22:40:26 - DEBUG - Getting Toys 
14.1.2023, 22:40:26 - INFO - Req was made 
14.1.2023, 22:40:26 - DEBUG - Getting Toys 
14.1.2023, 22:40:28 - DEBUG - Getting Toys 
14.1.2023, 22:40:28 - INFO - Req was made 
14.1.2023, 22:40:28 - DEBUG - Getting Toys 
14.1.2023, 22:40:28 - INFO - Req was made 
14.1.2023, 22:40:34 - INFO - Req was made 
14.1.2023, 22:40:34 - DEBUG - Getting Toys 
14.1.2023, 22:40:35 - INFO - Req was made 
14.1.2023, 22:40:35 - DEBUG - Getting Toys 
14.1.2023, 22:40:41 - INFO - Req was made 
14.1.2023, 22:40:41 - DEBUG - Getting Toys 
14.1.2023, 22:40:41 - INFO - Req was made 
14.1.2023, 22:40:41 - DEBUG - Getting Toys 
14.1.2023, 22:40:45 - DEBUG - Getting Toys 
14.1.2023, 22:40:45 - INFO - Req was made 
14.1.2023, 22:40:46 - INFO - Req was made 
14.1.2023, 22:40:46 - DEBUG - Getting Toys 
14.1.2023, 22:42:04 - INFO - Req was made 
14.1.2023, 22:42:04 - DEBUG - Getting Toys 
14.1.2023, 22:42:04 - INFO - Req was made 
14.1.2023, 22:42:04 - DEBUG - Getting Toys 
14.1.2023, 22:46:47 - INFO - Req was made 
14.1.2023, 22:46:47 - DEBUG - Getting Toys 
14.1.2023, 22:46:48 - INFO - Req was made 
14.1.2023, 22:46:48 - DEBUG - Getting Toys 
14.1.2023, 22:49:37 - INFO - Req was made 
14.1.2023, 22:49:37 - DEBUG - Getting Toys 
14.1.2023, 22:49:37 - INFO - Req was made 
14.1.2023, 22:49:37 - DEBUG - Getting Toys 
14.1.2023, 22:49:40 - INFO - Req was made 
14.1.2023, 22:49:40 - DEBUG - Getting Toys 
14.1.2023, 22:49:40 - INFO - Req was made 
14.1.2023, 22:49:40 - DEBUG - Getting Toys 
14.1.2023, 22:49:43 - INFO - Req was made 
14.1.2023, 22:49:43 - DEBUG - Getting Toys 
14.1.2023, 22:49:43 - DEBUG - Getting Toys 
14.1.2023, 22:49:43 - INFO - Req was made 
14.1.2023, 22:50:04 - INFO - Req was made 
14.1.2023, 22:50:04 - DEBUG - Getting Toys 
14.1.2023, 22:50:04 - INFO - Req was made 
14.1.2023, 22:50:04 - DEBUG - Getting Toys 
14.1.2023, 22:50:09 - INFO - Req was made 
14.1.2023, 22:50:09 - DEBUG - Getting Toys 
14.1.2023, 22:50:10 - INFO - Req was made 
14.1.2023, 22:50:10 - DEBUG - Getting Toys 
